2021-03-02 15:32:14,927 INFO c.s.s.SafetyAlertsApplication [main] Starting SafetyAlertsApplication using Java 15.0.1 on DESKTOP-IV3G66P with PID 592 (C:\Users\ptiqu\Desktop\WorkSpace\P5\safetyAlerts\target\classes started by ptiqu in C:\Users\ptiqu\Desktop\WorkSpace\P5\safetyAlerts)
2021-03-02 15:32:14,933 INFO c.s.s.SafetyAlertsApplication [main] No active profile set, falling back to default profiles: default
2021-03-02 15:32:16,823 INFO c.s.s.s.AgeCalculServiceImpl [main] Calcul age des persons: 37
2021-03-02 15:32:16,823 INFO c.s.s.s.AgeCalculServiceImpl [main] Calcul age des persons: 32
2021-03-02 15:32:16,824 INFO c.s.s.s.AgeCalculServiceImpl [main] Calcul age des persons: 9
2021-03-02 15:32:16,824 INFO c.s.s.s.AgeCalculServiceImpl [main] Calcul age des persons: 4
2021-03-02 15:32:16,824 INFO c.s.s.s.AgeCalculServiceImpl [main] Calcul age des persons: 35
2021-03-02 15:32:16,824 INFO c.s.s.s.AgeCalculServiceImpl [main] Calcul age des persons: 32
2021-03-02 15:32:16,824 INFO c.s.s.s.AgeCalculServiceImpl [main] Calcul age des persons: 9
2021-03-02 15:32:16,824 INFO c.s.s.s.AgeCalculServiceImpl [main] Calcul age des persons: 21
2021-03-02 15:32:16,825 INFO c.s.s.s.AgeCalculServiceImpl [main] Calcul age des persons: 41
2021-03-02 15:32:16,825 INFO c.s.s.s.AgeCalculServiceImpl [main] Calcul age des persons: 27
2021-03-02 15:32:16,825 INFO c.s.s.s.AgeCalculServiceImpl [main] Calcul age des persons: 27
2021-03-02 15:32:16,825 INFO c.s.s.s.AgeCalculServiceImpl [main] Calcul age des persons: 33
2021-03-02 15:32:16,825 INFO c.s.s.s.AgeCalculServiceImpl [main] Calcul age des persons: 36
2021-03-02 15:32:16,825 INFO c.s.s.s.AgeCalculServiceImpl [main] Calcul age des persons: 4
2021-03-02 15:32:16,825 INFO c.s.s.s.AgeCalculServiceImpl [main] Calcul age des persons: 42
2021-03-02 15:32:16,825 INFO c.s.s.s.AgeCalculServiceImpl [main] Calcul age des persons: 39
2021-03-02 15:32:16,825 INFO c.s.s.s.AgeCalculServiceImpl [main] Calcul age des persons: 56
2021-03-02 15:32:16,826 INFO c.s.s.s.AgeCalculServiceImpl [main] Calcul age des persons: 56
2021-03-02 15:32:16,826 INFO c.s.s.s.AgeCalculServiceImpl [main] Calcul age des persons: 46
2021-03-02 15:32:16,826 INFO c.s.s.s.AgeCalculServiceImpl [main] Calcul age des persons: 41
2021-03-02 15:32:16,826 INFO c.s.s.s.AgeCalculServiceImpl [main] Calcul age des persons: 7
2021-03-02 15:32:16,826 INFO c.s.s.s.AgeCalculServiceImpl [main] Calcul age des persons: 27
2021-03-02 15:32:16,826 INFO c.s.s.s.AgeCalculServiceImpl [main] Calcul age des persons: 76
2021-03-02 15:32:17,237 INFO c.s.s.SafetyAlertsApplication [main] Started SafetyAlertsApplication in 2.564 seconds (JVM running for 3.433)
2021-03-02 15:33:11,930 INFO c.s.s.SafetyAlertsApplication [main] Starting SafetyAlertsApplication using Java 15.0.1 on DESKTOP-IV3G66P with PID 17644 (C:\Users\ptiqu\Desktop\WorkSpace\P5\safetyAlerts\target\classes started by ptiqu in C:\Users\ptiqu\Desktop\WorkSpace\P5\safetyAlerts)
2021-03-02 15:33:11,937 INFO c.s.s.SafetyAlertsApplication [main] No active profile set, falling back to default profiles: default
2021-03-02 15:33:13,805 INFO c.s.s.s.AgeCalculServiceImpl [main] Calcul age des persons: 37
2021-03-02 15:33:13,805 INFO c.s.s.s.AgeCalculServiceImpl [main] Calcul age des persons: 32
2021-03-02 15:33:13,805 INFO c.s.s.s.AgeCalculServiceImpl [main] Calcul age des persons: 9
2021-03-02 15:33:13,805 INFO c.s.s.s.AgeCalculServiceImpl [main] Calcul age des persons: 4
2021-03-02 15:33:13,805 INFO c.s.s.s.AgeCalculServiceImpl [main] Calcul age des persons: 35
2021-03-02 15:33:13,806 INFO c.s.s.s.AgeCalculServiceImpl [main] Calcul age des persons: 32
2021-03-02 15:33:13,806 INFO c.s.s.s.AgeCalculServiceImpl [main] Calcul age des persons: 9
2021-03-02 15:33:13,806 INFO c.s.s.s.AgeCalculServiceImpl [main] Calcul age des persons: 21
2021-03-02 15:33:13,806 INFO c.s.s.s.AgeCalculServiceImpl [main] Calcul age des persons: 41
2021-03-02 15:33:13,806 INFO c.s.s.s.AgeCalculServiceImpl [main] Calcul age des persons: 27
2021-03-02 15:33:13,806 INFO c.s.s.s.AgeCalculServiceImpl [main] Calcul age des persons: 27
2021-03-02 15:33:13,806 INFO c.s.s.s.AgeCalculServiceImpl [main] Calcul age des persons: 33
2021-03-02 15:33:13,806 INFO c.s.s.s.AgeCalculServiceImpl [main] Calcul age des persons: 36
2021-03-02 15:33:13,807 INFO c.s.s.s.AgeCalculServiceImpl [main] Calcul age des persons: 4
2021-03-02 15:33:13,807 INFO c.s.s.s.AgeCalculServiceImpl [main] Calcul age des persons: 42
2021-03-02 15:33:13,807 INFO c.s.s.s.AgeCalculServiceImpl [main] Calcul age des persons: 39
2021-03-02 15:33:13,807 INFO c.s.s.s.AgeCalculServiceImpl [main] Calcul age des persons: 56
2021-03-02 15:33:13,807 INFO c.s.s.s.AgeCalculServiceImpl [main] Calcul age des persons: 56
2021-03-02 15:33:13,807 INFO c.s.s.s.AgeCalculServiceImpl [main] Calcul age des persons: 46
2021-03-02 15:33:13,807 INFO c.s.s.s.AgeCalculServiceImpl [main] Calcul age des persons: 41
2021-03-02 15:33:13,807 INFO c.s.s.s.AgeCalculServiceImpl [main] Calcul age des persons: 7
2021-03-02 15:33:13,807 INFO c.s.s.s.AgeCalculServiceImpl [main] Calcul age des persons: 27
2021-03-02 15:33:13,808 INFO c.s.s.s.AgeCalculServiceImpl [main] Calcul age des persons: 76
2021-03-02 15:33:14,213 INFO c.s.s.SafetyAlertsApplication [main] Started SafetyAlertsApplication in 2.543 seconds (JVM running for 3.407)
2021-03-02 15:50:52,815 INFO c.s.s.SafetyAlertsApplication [main] Starting SafetyAlertsApplication using Java 15.0.1 on DESKTOP-IV3G66P with PID 12960 (C:\Users\ptiqu\Desktop\WorkSpace\P5\safetyAlerts\target\classes started by ptiqu in C:\Users\ptiqu\Desktop\WorkSpace\P5\safetyAlerts)
2021-03-02 15:50:52,821 INFO c.s.s.SafetyAlertsApplication [main] No active profile set, falling back to default profiles: default
2021-03-02 15:50:54,713 INFO c.s.s.s.AgeCalculServiceImpl [main] Calcul age des persons: 37
2021-03-02 15:50:54,713 INFO c.s.s.s.AgeCalculServiceImpl [main] Calcul age des persons: 32
2021-03-02 15:50:54,713 INFO c.s.s.s.AgeCalculServiceImpl [main] Calcul age des persons: 9
2021-03-02 15:50:54,713 INFO c.s.s.s.AgeCalculServiceImpl [main] Calcul age des persons: 4
2021-03-02 15:50:54,714 INFO c.s.s.s.AgeCalculServiceImpl [main] Calcul age des persons: 35
2021-03-02 15:50:54,714 INFO c.s.s.s.AgeCalculServiceImpl [main] Calcul age des persons: 32
2021-03-02 15:50:54,714 INFO c.s.s.s.AgeCalculServiceImpl [main] Calcul age des persons: 9
2021-03-02 15:50:54,714 INFO c.s.s.s.AgeCalculServiceImpl [main] Calcul age des persons: 21
2021-03-02 15:50:54,714 INFO c.s.s.s.AgeCalculServiceImpl [main] Calcul age des persons: 41
2021-03-02 15:50:54,714 INFO c.s.s.s.AgeCalculServiceImpl [main] Calcul age des persons: 27
2021-03-02 15:50:54,714 INFO c.s.s.s.AgeCalculServiceImpl [main] Calcul age des persons: 27
2021-03-02 15:50:54,715 INFO c.s.s.s.AgeCalculServiceImpl [main] Calcul age des persons: 33
2021-03-02 15:50:54,715 INFO c.s.s.s.AgeCalculServiceImpl [main] Calcul age des persons: 36
2021-03-02 15:50:54,715 INFO c.s.s.s.AgeCalculServiceImpl [main] Calcul age des persons: 4
2021-03-02 15:50:54,715 INFO c.s.s.s.AgeCalculServiceImpl [main] Calcul age des persons: 42
2021-03-02 15:50:54,715 INFO c.s.s.s.AgeCalculServiceImpl [main] Calcul age des persons: 39
2021-03-02 15:50:54,715 INFO c.s.s.s.AgeCalculServiceImpl [main] Calcul age des persons: 56
2021-03-02 15:50:54,715 INFO c.s.s.s.AgeCalculServiceImpl [main] Calcul age des persons: 56
2021-03-02 15:50:54,715 INFO c.s.s.s.AgeCalculServiceImpl [main] Calcul age des persons: 46
2021-03-02 15:50:54,715 INFO c.s.s.s.AgeCalculServiceImpl [main] Calcul age des persons: 41
2021-03-02 15:50:54,716 INFO c.s.s.s.AgeCalculServiceImpl [main] Calcul age des persons: 7
2021-03-02 15:50:54,716 INFO c.s.s.s.AgeCalculServiceImpl [main] Calcul age des persons: 27
2021-03-02 15:50:54,716 INFO c.s.s.s.AgeCalculServiceImpl [main] Calcul age des persons: 76
2021-03-02 15:50:55,107 INFO c.s.s.SafetyAlertsApplication [main] Started SafetyAlertsApplication in 2.546 seconds (JVM running for 3.412)
2021-03-02 16:02:41,833 INFO c.s.s.SafetyAlertsApplication [main] Starting SafetyAlertsApplication using Java 15.0.1 on DESKTOP-IV3G66P with PID 24468 (C:\Users\ptiqu\Desktop\WorkSpace\P5\safetyAlerts\target\classes started by ptiqu in C:\Users\ptiqu\Desktop\WorkSpace\P5\safetyAlerts)
2021-03-02 16:02:41,840 INFO c.s.s.SafetyAlertsApplication [main] No active profile set, falling back to default profiles: default
2021-03-02 16:02:43,732 INFO c.s.s.s.AgeCalculServiceImpl [main] Calcul age des persons: 37
2021-03-02 16:02:43,732 INFO c.s.s.s.AgeCalculServiceImpl [main] Calcul age des persons: 32
2021-03-02 16:02:43,733 INFO c.s.s.s.AgeCalculServiceImpl [main] Calcul age des persons: 9
2021-03-02 16:02:43,733 INFO c.s.s.s.AgeCalculServiceImpl [main] Calcul age des persons: 4
2021-03-02 16:02:43,733 INFO c.s.s.s.AgeCalculServiceImpl [main] Calcul age des persons: 35
2021-03-02 16:02:43,733 INFO c.s.s.s.AgeCalculServiceImpl [main] Calcul age des persons: 32
2021-03-02 16:02:43,733 INFO c.s.s.s.AgeCalculServiceImpl [main] Calcul age des persons: 9
2021-03-02 16:02:43,733 INFO c.s.s.s.AgeCalculServiceImpl [main] Calcul age des persons: 21
2021-03-02 16:02:43,734 INFO c.s.s.s.AgeCalculServiceImpl [main] Calcul age des persons: 41
2021-03-02 16:02:43,734 INFO c.s.s.s.AgeCalculServiceImpl [main] Calcul age des persons: 27
2021-03-02 16:02:43,734 INFO c.s.s.s.AgeCalculServiceImpl [main] Calcul age des persons: 27
2021-03-02 16:02:43,734 INFO c.s.s.s.AgeCalculServiceImpl [main] Calcul age des persons: 33
2021-03-02 16:02:43,734 INFO c.s.s.s.AgeCalculServiceImpl [main] Calcul age des persons: 36
2021-03-02 16:02:43,734 INFO c.s.s.s.AgeCalculServiceImpl [main] Calcul age des persons: 4
2021-03-02 16:02:43,734 INFO c.s.s.s.AgeCalculServiceImpl [main] Calcul age des persons: 42
2021-03-02 16:02:43,735 INFO c.s.s.s.AgeCalculServiceImpl [main] Calcul age des persons: 39
2021-03-02 16:02:43,735 INFO c.s.s.s.AgeCalculServiceImpl [main] Calcul age des persons: 56
2021-03-02 16:02:43,735 INFO c.s.s.s.AgeCalculServiceImpl [main] Calcul age des persons: 56
2021-03-02 16:02:43,735 INFO c.s.s.s.AgeCalculServiceImpl [main] Calcul age des persons: 46
2021-03-02 16:02:43,735 INFO c.s.s.s.AgeCalculServiceImpl [main] Calcul age des persons: 41
2021-03-02 16:02:43,735 INFO c.s.s.s.AgeCalculServiceImpl [main] Calcul age des persons: 7
2021-03-02 16:02:43,736 INFO c.s.s.s.AgeCalculServiceImpl [main] Calcul age des persons: 27
2021-03-02 16:02:43,736 INFO c.s.s.s.AgeCalculServiceImpl [main] Calcul age des persons: 76
2021-03-02 16:02:44,130 INFO c.s.s.SafetyAlertsApplication [main] Started SafetyAlertsApplication in 2.573 seconds (JVM running for 3.417)
2021-03-02 16:12:48,475 INFO c.s.s.SafetyAlertsApplication [main] Starting SafetyAlertsApplication using Java 15.0.1 on DESKTOP-IV3G66P with PID 17736 (C:\Users\ptiqu\Desktop\WorkSpace\P5\safetyAlerts\target\classes started by ptiqu in C:\Users\ptiqu\Desktop\WorkSpace\P5\safetyAlerts)
2021-03-02 16:12:48,481 INFO c.s.s.SafetyAlertsApplication [main] No active profile set, falling back to default profiles: default
2021-03-02 16:12:50,379 INFO c.s.s.s.AgeCalculServiceImpl [main] Calcul age des persons: 37
2021-03-02 16:12:50,379 INFO c.s.s.s.AgeCalculServiceImpl [main] Calcul age des persons: 32
2021-03-02 16:12:50,379 INFO c.s.s.s.AgeCalculServiceImpl [main] Calcul age des persons: 9
2021-03-02 16:12:50,379 INFO c.s.s.s.AgeCalculServiceImpl [main] Calcul age des persons: 4
2021-03-02 16:12:50,380 INFO c.s.s.s.AgeCalculServiceImpl [main] Calcul age des persons: 35
2021-03-02 16:12:50,380 INFO c.s.s.s.AgeCalculServiceImpl [main] Calcul age des persons: 32
2021-03-02 16:12:50,380 INFO c.s.s.s.AgeCalculServiceImpl [main] Calcul age des persons: 9
2021-03-02 16:12:50,380 INFO c.s.s.s.AgeCalculServiceImpl [main] Calcul age des persons: 21
2021-03-02 16:12:50,380 INFO c.s.s.s.AgeCalculServiceImpl [main] Calcul age des persons: 41
2021-03-02 16:12:50,380 INFO c.s.s.s.AgeCalculServiceImpl [main] Calcul age des persons: 27
2021-03-02 16:12:50,380 INFO c.s.s.s.AgeCalculServiceImpl [main] Calcul age des persons: 27
2021-03-02 16:12:50,381 INFO c.s.s.s.AgeCalculServiceImpl [main] Calcul age des persons: 33
2021-03-02 16:12:50,381 INFO c.s.s.s.AgeCalculServiceImpl [main] Calcul age des persons: 36
2021-03-02 16:12:50,381 INFO c.s.s.s.AgeCalculServiceImpl [main] Calcul age des persons: 4
2021-03-02 16:12:50,381 INFO c.s.s.s.AgeCalculServiceImpl [main] Calcul age des persons: 42
2021-03-02 16:12:50,381 INFO c.s.s.s.AgeCalculServiceImpl [main] Calcul age des persons: 39
2021-03-02 16:12:50,381 INFO c.s.s.s.AgeCalculServiceImpl [main] Calcul age des persons: 56
2021-03-02 16:12:50,382 INFO c.s.s.s.AgeCalculServiceImpl [main] Calcul age des persons: 56
2021-03-02 16:12:50,382 INFO c.s.s.s.AgeCalculServiceImpl [main] Calcul age des persons: 46
2021-03-02 16:12:50,382 INFO c.s.s.s.AgeCalculServiceImpl [main] Calcul age des persons: 41
2021-03-02 16:12:50,382 INFO c.s.s.s.AgeCalculServiceImpl [main] Calcul age des persons: 7
2021-03-02 16:12:50,382 INFO c.s.s.s.AgeCalculServiceImpl [main] Calcul age des persons: 27
2021-03-02 16:12:50,382 INFO c.s.s.s.AgeCalculServiceImpl [main] Calcul age des persons: 76
2021-03-02 16:12:50,763 INFO c.s.s.SafetyAlertsApplication [main] Started SafetyAlertsApplication in 2.545 seconds (JVM running for 3.422)
2021-03-02 18:51:37,345 INFO c.s.s.SafetyAlertsApplication [main] Starting SafetyAlertsApplication using Java 15.0.1 on DESKTOP-IV3G66P with PID 3728 (C:\Users\ptiqu\Desktop\WorkSpace\P5\safetyAlerts\target\classes started by ptiqu in C:\Users\ptiqu\Desktop\WorkSpace\P5\safetyAlerts)
2021-03-02 18:51:37,351 INFO c.s.s.SafetyAlertsApplication [main] No active profile set, falling back to default profiles: default
2021-03-02 18:51:39,247 INFO c.s.s.s.AgeCalculServiceImpl [main] Calcul age des persons: 37
2021-03-02 18:51:39,248 INFO c.s.s.s.AgeCalculServiceImpl [main] Calcul age des persons: 32
2021-03-02 18:51:39,248 INFO c.s.s.s.AgeCalculServiceImpl [main] Calcul age des persons: 9
2021-03-02 18:51:39,248 INFO c.s.s.s.AgeCalculServiceImpl [main] Calcul age des persons: 4
2021-03-02 18:51:39,248 INFO c.s.s.s.AgeCalculServiceImpl [main] Calcul age des persons: 35
2021-03-02 18:51:39,248 INFO c.s.s.s.AgeCalculServiceImpl [main] Calcul age des persons: 32
2021-03-02 18:51:39,249 INFO c.s.s.s.AgeCalculServiceImpl [main] Calcul age des persons: 9
2021-03-02 18:51:39,249 INFO c.s.s.s.AgeCalculServiceImpl [main] Calcul age des persons: 21
2021-03-02 18:51:39,249 INFO c.s.s.s.AgeCalculServiceImpl [main] Calcul age des persons: 41
2021-03-02 18:51:39,249 INFO c.s.s.s.AgeCalculServiceImpl [main] Calcul age des persons: 27
2021-03-02 18:51:39,249 INFO c.s.s.s.AgeCalculServiceImpl [main] Calcul age des persons: 27
2021-03-02 18:51:39,249 INFO c.s.s.s.AgeCalculServiceImpl [main] Calcul age des persons: 33
2021-03-02 18:51:39,250 INFO c.s.s.s.AgeCalculServiceImpl [main] Calcul age des persons: 36
2021-03-02 18:51:39,250 INFO c.s.s.s.AgeCalculServiceImpl [main] Calcul age des persons: 4
2021-03-02 18:51:39,250 INFO c.s.s.s.AgeCalculServiceImpl [main] Calcul age des persons: 42
2021-03-02 18:51:39,250 INFO c.s.s.s.AgeCalculServiceImpl [main] Calcul age des persons: 39
2021-03-02 18:51:39,250 INFO c.s.s.s.AgeCalculServiceImpl [main] Calcul age des persons: 56
2021-03-02 18:51:39,250 INFO c.s.s.s.AgeCalculServiceImpl [main] Calcul age des persons: 56
2021-03-02 18:51:39,251 INFO c.s.s.s.AgeCalculServiceImpl [main] Calcul age des persons: 46
2021-03-02 18:51:39,251 INFO c.s.s.s.AgeCalculServiceImpl [main] Calcul age des persons: 41
2021-03-02 18:51:39,251 INFO c.s.s.s.AgeCalculServiceImpl [main] Calcul age des persons: 7
2021-03-02 18:51:39,251 INFO c.s.s.s.AgeCalculServiceImpl [main] Calcul age des persons: 27
2021-03-02 18:51:39,251 INFO c.s.s.s.AgeCalculServiceImpl [main] Calcul age des persons: 76
2021-03-02 18:51:39,640 INFO c.s.s.SafetyAlertsApplication [main] Started SafetyAlertsApplication in 2.551 seconds (JVM running for 3.416)
2021-03-02 18:53:00,436 INFO c.s.s.SafetyAlertsApplication [main] Starting SafetyAlertsApplication using Java 15.0.1 on DESKTOP-IV3G66P with PID 23332 (C:\Users\ptiqu\Desktop\WorkSpace\P5\safetyAlerts\target\classes started by ptiqu in C:\Users\ptiqu\Desktop\WorkSpace\P5\safetyAlerts)
2021-03-02 18:53:00,442 INFO c.s.s.SafetyAlertsApplication [main] No active profile set, falling back to default profiles: default
2021-03-02 18:53:02,300 INFO c.s.s.s.AgeCalculServiceImpl [main] Calcul age des persons: 37
2021-03-02 18:53:02,301 INFO c.s.s.s.AgeCalculServiceImpl [main] Calcul age des persons: 32
2021-03-02 18:53:02,301 INFO c.s.s.s.AgeCalculServiceImpl [main] Calcul age des persons: 9
2021-03-02 18:53:02,301 INFO c.s.s.s.AgeCalculServiceImpl [main] Calcul age des persons: 4
2021-03-02 18:53:02,301 INFO c.s.s.s.AgeCalculServiceImpl [main] Calcul age des persons: 35
2021-03-02 18:53:02,302 INFO c.s.s.s.AgeCalculServiceImpl [main] Calcul age des persons: 32
2021-03-02 18:53:02,302 INFO c.s.s.s.AgeCalculServiceImpl [main] Calcul age des persons: 9
2021-03-02 18:53:02,302 INFO c.s.s.s.AgeCalculServiceImpl [main] Calcul age des persons: 21
2021-03-02 18:53:02,302 INFO c.s.s.s.AgeCalculServiceImpl [main] Calcul age des persons: 41
2021-03-02 18:53:02,302 INFO c.s.s.s.AgeCalculServiceImpl [main] Calcul age des persons: 27
2021-03-02 18:53:02,302 INFO c.s.s.s.AgeCalculServiceImpl [main] Calcul age des persons: 27
2021-03-02 18:53:02,303 INFO c.s.s.s.AgeCalculServiceImpl [main] Calcul age des persons: 33
2021-03-02 18:53:02,303 INFO c.s.s.s.AgeCalculServiceImpl [main] Calcul age des persons: 36
2021-03-02 18:53:02,303 INFO c.s.s.s.AgeCalculServiceImpl [main] Calcul age des persons: 4
2021-03-02 18:53:02,303 INFO c.s.s.s.AgeCalculServiceImpl [main] Calcul age des persons: 42
2021-03-02 18:53:02,303 INFO c.s.s.s.AgeCalculServiceImpl [main] Calcul age des persons: 39
2021-03-02 18:53:02,303 INFO c.s.s.s.AgeCalculServiceImpl [main] Calcul age des persons: 56
2021-03-02 18:53:02,303 INFO c.s.s.s.AgeCalculServiceImpl [main] Calcul age des persons: 56
2021-03-02 18:53:02,304 INFO c.s.s.s.AgeCalculServiceImpl [main] Calcul age des persons: 46
2021-03-02 18:53:02,304 INFO c.s.s.s.AgeCalculServiceImpl [main] Calcul age des persons: 41
2021-03-02 18:53:02,304 INFO c.s.s.s.AgeCalculServiceImpl [main] Calcul age des persons: 7
2021-03-02 18:53:02,304 INFO c.s.s.s.AgeCalculServiceImpl [main] Calcul age des persons: 27
2021-03-02 18:53:02,304 INFO c.s.s.s.AgeCalculServiceImpl [main] Calcul age des persons: 76
2021-03-02 18:53:02,697 INFO c.s.s.SafetyAlertsApplication [main] Started SafetyAlertsApplication in 2.518 seconds (JVM running for 3.372)
2021-03-03 08:01:57,647 INFO c.s.s.SafetyAlertsApplication [main] Starting SafetyAlertsApplication using Java 15.0.1 on DESKTOP-IV3G66P with PID 19552 (C:\Users\ptiqu\Desktop\WorkSpace\P5\safetyAlerts\target\classes started by ptiqu in C:\Users\ptiqu\Desktop\WorkSpace\P5\safetyAlerts)
2021-03-03 08:01:57,654 INFO c.s.s.SafetyAlertsApplication [main] No active profile set, falling back to default profiles: default
2021-03-03 08:01:59,965 INFO c.s.s.SafetyAlertsApplication [main] Started SafetyAlertsApplication in 2.581 seconds (JVM running for 6.867)
2021-03-03 08:10:36,802 INFO c.s.s.SafetyAlertsApplication [main] Starting SafetyAlertsApplication using Java 15.0.1 on DESKTOP-IV3G66P with PID 15920 (C:\Users\ptiqu\Desktop\WorkSpace\P5\safetyAlerts\target\classes started by ptiqu in C:\Users\ptiqu\Desktop\WorkSpace\P5\safetyAlerts)
2021-03-03 08:10:36,809 INFO c.s.s.SafetyAlertsApplication [main] No active profile set, falling back to default profiles: default
2021-03-03 08:10:39,681 INFO c.s.s.s.MapperServiceImpl [main] Lancement du Mapper pour rapatrier les donnees du Json
2021-03-03 08:10:39,749 INFO c.s.s.s.MapperServiceImpl [main] Traitement du Mapper terminé
2021-03-03 08:10:40,359 INFO c.s.s.SafetyAlertsApplication [main] Started SafetyAlertsApplication in 3.886 seconds (JVM running for 4.881)
2021-03-03 08:29:46,225 INFO c.s.s.SafetyAlertsApplication [main] Starting SafetyAlertsApplication using Java 15.0.1 on DESKTOP-IV3G66P with PID 25556 (C:\Users\ptiqu\Desktop\WorkSpace\P5\safetyAlerts\target\classes started by ptiqu in C:\Users\ptiqu\Desktop\WorkSpace\P5\safetyAlerts)
2021-03-03 08:29:46,232 INFO c.s.s.SafetyAlertsApplication [main] No active profile set, falling back to default profiles: default
2021-03-03 08:29:48,098 INFO c.s.s.s.MapperServiceImpl [main] Lancement du Mapper, rapatriement des donnees du Json en cour
2021-03-03 08:29:48,148 INFO c.s.s.s.MapperServiceImpl [main] Traitement du Mapper terminé, données rapatriées!
2021-03-03 08:29:48,538 INFO c.s.s.SafetyAlertsApplication [main] Started SafetyAlertsApplication in 2.579 seconds (JVM running for 3.455)
2021-03-03 08:31:05,667 INFO c.s.s.SafetyAlertsApplication [main] Starting SafetyAlertsApplication using Java 15.0.1 on DESKTOP-IV3G66P with PID 3128 (C:\Users\ptiqu\Desktop\WorkSpace\P5\safetyAlerts\target\classes started by ptiqu in C:\Users\ptiqu\Desktop\WorkSpace\P5\safetyAlerts)
2021-03-03 08:31:05,673 INFO c.s.s.SafetyAlertsApplication [main] No active profile set, falling back to default profiles: default
2021-03-03 08:31:07,519 INFO c.s.s.s.MapperServiceImpl [main] Lancement du Mapper, rapatriement des donnees du Json en cour
2021-03-03 08:31:07,570 INFO c.s.s.s.MapperServiceImpl [main] Traitement du Mapper terminé, données rapatriées!
2021-03-03 08:31:07,965 INFO c.s.s.SafetyAlertsApplication [main] Started SafetyAlertsApplication in 2.556 seconds (JVM running for 3.431)
2021-03-03 08:33:41,443 INFO c.s.s.SafetyAlertsApplication [main] Starting SafetyAlertsApplication using Java 15.0.1 on DESKTOP-IV3G66P with PID 17296 (C:\Users\ptiqu\Desktop\WorkSpace\P5\safetyAlerts\target\classes started by ptiqu in C:\Users\ptiqu\Desktop\WorkSpace\P5\safetyAlerts)
2021-03-03 08:33:41,449 INFO c.s.s.SafetyAlertsApplication [main] No active profile set, falling back to default profiles: default
2021-03-03 08:33:43,279 INFO c.s.s.s.MapperServiceImpl [main] Lancement du Mapper, rapatriement des donnees du Json en cour
2021-03-03 08:33:43,327 INFO c.s.s.s.MapperServiceImpl [main] Traitement du Mapper terminé, données rapatriées!
2021-03-03 08:33:43,708 INFO c.s.s.SafetyAlertsApplication [main] Started SafetyAlertsApplication in 2.522 seconds (JVM running for 3.387)
2021-03-03 08:41:30,298 INFO c.s.s.SafetyAlertsApplication [main] Starting SafetyAlertsApplication using Java 15.0.1 on DESKTOP-IV3G66P with PID 3108 (C:\Users\ptiqu\Desktop\WorkSpace\P5\safetyAlerts\target\classes started by ptiqu in C:\Users\ptiqu\Desktop\WorkSpace\P5\safetyAlerts)
2021-03-03 08:41:30,304 INFO c.s.s.SafetyAlertsApplication [main] No active profile set, falling back to default profiles: default
2021-03-03 08:41:32,143 INFO c.s.s.s.MapperServiceImpl [main] Lancement du Mapper, rapatriement des donnees du Json en cour
2021-03-03 08:41:32,196 INFO c.s.s.s.MapperServiceImpl [main] Traitement du Mapper terminé, données rapatriées!
2021-03-03 08:41:32,577 INFO c.s.s.SafetyAlertsApplication [main] Started SafetyAlertsApplication in 2.538 seconds (JVM running for 3.414)
2021-03-03 08:51:40,975 INFO c.s.s.SafetyAlertsApplication [main] Starting SafetyAlertsApplication using Java 15.0.1 on DESKTOP-IV3G66P with PID 23736 (C:\Users\ptiqu\Desktop\WorkSpace\P5\safetyAlerts\target\classes started by ptiqu in C:\Users\ptiqu\Desktop\WorkSpace\P5\safetyAlerts)
2021-03-03 08:51:40,981 INFO c.s.s.SafetyAlertsApplication [main] No active profile set, falling back to default profiles: default
2021-03-03 08:51:42,823 INFO c.s.s.s.MapperServiceImpl [main] Lancement du Mapper, rapatriement des donnees du Json en cour
2021-03-03 08:51:42,874 INFO c.s.s.s.MapperServiceImpl [main] Traitement du Mapper terminé, données rapatriées!
2021-03-03 08:51:43,261 INFO c.s.s.SafetyAlertsApplication [main] Started SafetyAlertsApplication in 2.551 seconds (JVM running for 3.424)
2021-03-03 08:52:49,839 INFO c.s.s.SafetyAlertsApplication [main] Starting SafetyAlertsApplication using Java 15.0.1 on DESKTOP-IV3G66P with PID 24516 (C:\Users\ptiqu\Desktop\WorkSpace\P5\safetyAlerts\target\classes started by ptiqu in C:\Users\ptiqu\Desktop\WorkSpace\P5\safetyAlerts)
2021-03-03 08:52:49,846 INFO c.s.s.SafetyAlertsApplication [main] No active profile set, falling back to default profiles: default
2021-03-03 08:52:51,629 INFO c.s.s.s.MapperServiceImpl [main] Lancement du Mapper, rapatriement des donnees du Json en cour
2021-03-03 08:52:51,678 INFO c.s.s.s.MapperServiceImpl [main] Traitement du Mapper terminé, données rapatriées!
2021-03-03 08:52:52,069 INFO c.s.s.SafetyAlertsApplication [main] Started SafetyAlertsApplication in 2.486 seconds (JVM running for 3.344)
2021-03-03 09:01:28,460 INFO c.s.s.SafetyAlertsApplication [main] Starting SafetyAlertsApplication using Java 15.0.1 on DESKTOP-IV3G66P with PID 11732 (C:\Users\ptiqu\Desktop\WorkSpace\P5\safetyAlerts\target\classes started by ptiqu in C:\Users\ptiqu\Desktop\WorkSpace\P5\safetyAlerts)
2021-03-03 09:01:28,467 INFO c.s.s.SafetyAlertsApplication [main] No active profile set, falling back to default profiles: default
2021-03-03 09:03:22,551 INFO c.s.s.SafetyAlertsApplication [main] Starting SafetyAlertsApplication using Java 15.0.1 on DESKTOP-IV3G66P with PID 15864 (C:\Users\ptiqu\Desktop\WorkSpace\P5\safetyAlerts\target\classes started by ptiqu in C:\Users\ptiqu\Desktop\WorkSpace\P5\safetyAlerts)
2021-03-03 09:03:22,558 INFO c.s.s.SafetyAlertsApplication [main] No active profile set, falling back to default profiles: default
2021-03-03 09:05:58,292 INFO c.s.s.SafetyAlertsApplication [main] Starting SafetyAlertsApplication using Java 15.0.1 on DESKTOP-IV3G66P with PID 23196 (C:\Users\ptiqu\Desktop\WorkSpace\P5\safetyAlerts\target\classes started by ptiqu in C:\Users\ptiqu\Desktop\WorkSpace\P5\safetyAlerts)
2021-03-03 09:05:58,298 INFO c.s.s.SafetyAlertsApplication [main] No active profile set, falling back to default profiles: default
2021-03-03 09:06:00,150 INFO c.s.s.s.MapperServiceImpl [main] Lancement du Mapper, rapatriement des donnees du Json en cour
2021-03-03 09:06:00,216 INFO c.s.s.s.MapperServiceImpl [main] Traitement du Mapper terminé, données rapatriées!
2021-03-03 09:06:00,614 INFO c.s.s.SafetyAlertsApplication [main] Started SafetyAlertsApplication in 2.586 seconds (JVM running for 3.464)
2021-03-03 09:06:10,563 INFO c.s.s.d.FirestationDaoImpl [http-nio-8080-exec-2] Liste des FireStations: [
 { "station":"3", 
 "address":"1509 Culver St"} 
, 
 { "station":"2", 
 "address":"29 15th St"} 
, 
 { "station":"3", 
 "address":"834 Binoc Ave"} 
, 
 { "station":"1", 
 "address":"644 Gershwin Cir"} 
, 
 { "station":"3", 
 "address":"748 Townings Dr"} 
, 
 { "station":"3", 
 "address":"112 Steppes Pl"} 
, 
 { "station":"4", 
 "address":"489 Manchester St"} 
, 
 { "station":"2", 
 "address":"892 Downing Ct"} 
, 
 { "station":"1", 
 "address":"908 73rd St"} 
, 
 { "station":"4", 
 "address":"112 Steppes Pl"} 
, 
 { "station":"1", 
 "address":"947 E. Rose Dr"} 
, 
 { "station":"3", 
 "address":"748 Townings Dr"} 
, 
 { "station":"2", 
 "address":"951 LoneTree Rd"} 
]
2021-03-03 09:06:58,338 INFO c.s.s.d.FirestationDaoImpl [http-nio-8080-exec-3] FireStation ajoutées: 
 { "station":"33", 
 "address":"33300 CHEZ MOI MODIF POST PUT !!!!"} 

2021-03-03 09:07:08,315 INFO c.s.s.d.FirestationDaoImpl [http-nio-8080-exec-4] Liste des FireStations: [
 { "station":"3", 
 "address":"1509 Culver St"} 
, 
 { "station":"2", 
 "address":"29 15th St"} 
, 
 { "station":"3", 
 "address":"834 Binoc Ave"} 
, 
 { "station":"1", 
 "address":"644 Gershwin Cir"} 
, 
 { "station":"3", 
 "address":"748 Townings Dr"} 
, 
 { "station":"3", 
 "address":"112 Steppes Pl"} 
, 
 { "station":"4", 
 "address":"489 Manchester St"} 
, 
 { "station":"2", 
 "address":"892 Downing Ct"} 
, 
 { "station":"1", 
 "address":"908 73rd St"} 
, 
 { "station":"4", 
 "address":"112 Steppes Pl"} 
, 
 { "station":"1", 
 "address":"947 E. Rose Dr"} 
, 
 { "station":"3", 
 "address":"748 Townings Dr"} 
, 
 { "station":"2", 
 "address":"951 LoneTree Rd"} 
, 
 { "station":"33", 
 "address":"33300 CHEZ MOI MODIF POST PUT !!!!"} 
]
2021-03-03 09:08:05,888 INFO c.s.s.d.FirestationDaoImpl [http-nio-8080-exec-8] FireStation Modifiée: 
 { "station":"33", 
 "address":"33300 CHEZ MOI MODIF POST PUT !!!!"} 
 par 
 { "station":"3", 
 "address":"33300 CHEZ MOI MODIF POST PUT !!!!"} 

2021-03-03 09:08:23,354 INFO c.s.s.d.FirestationDaoImpl [http-nio-8080-exec-9] Liste des FireStations: [
 { "station":"3", 
 "address":"1509 Culver St"} 
, 
 { "station":"2", 
 "address":"29 15th St"} 
, 
 { "station":"3", 
 "address":"834 Binoc Ave"} 
, 
 { "station":"1", 
 "address":"644 Gershwin Cir"} 
, 
 { "station":"3", 
 "address":"748 Townings Dr"} 
, 
 { "station":"3", 
 "address":"112 Steppes Pl"} 
, 
 { "station":"4", 
 "address":"489 Manchester St"} 
, 
 { "station":"2", 
 "address":"892 Downing Ct"} 
, 
 { "station":"1", 
 "address":"908 73rd St"} 
, 
 { "station":"4", 
 "address":"112 Steppes Pl"} 
, 
 { "station":"1", 
 "address":"947 E. Rose Dr"} 
, 
 { "station":"3", 
 "address":"748 Townings Dr"} 
, 
 { "station":"2", 
 "address":"951 LoneTree Rd"} 
, 
 { "station":"3", 
 "address":"33300 CHEZ MOI MODIF POST PUT !!!!"} 
]
2021-03-03 09:08:49,192 INFO c.s.s.d.FirestationDaoImpl [http-nio-8080-exec-10] Liste des FireStations supprimées avec id: 33 ou adresse: 33300 CHEZ MOI MODIF POST PUT !!!! !: [
 { "station":"3", 
 "address":"33300 CHEZ MOI MODIF POST PUT !!!!"} 
]
2021-03-03 09:09:38,909 INFO c.s.s.d.FirestationDaoImpl [http-nio-8080-exec-1] Aucune FireStation Supprimée avec id: 33 ou adresse: 33300 CHEZ MOI MODIF POST PUT !!!! !: []
2021-03-03 09:09:43,989 INFO c.s.s.d.FirestationDaoImpl [http-nio-8080-exec-2] Liste des FireStations: [
 { "station":"3", 
 "address":"1509 Culver St"} 
, 
 { "station":"2", 
 "address":"29 15th St"} 
, 
 { "station":"3", 
 "address":"834 Binoc Ave"} 
, 
 { "station":"1", 
 "address":"644 Gershwin Cir"} 
, 
 { "station":"3", 
 "address":"748 Townings Dr"} 
, 
 { "station":"3", 
 "address":"112 Steppes Pl"} 
, 
 { "station":"4", 
 "address":"489 Manchester St"} 
, 
 { "station":"2", 
 "address":"892 Downing Ct"} 
, 
 { "station":"1", 
 "address":"908 73rd St"} 
, 
 { "station":"4", 
 "address":"112 Steppes Pl"} 
, 
 { "station":"1", 
 "address":"947 E. Rose Dr"} 
, 
 { "station":"3", 
 "address":"748 Townings Dr"} 
, 
 { "station":"2", 
 "address":"951 LoneTree Rd"} 
]
2021-03-03 09:10:08,712 INFO c.s.s.d.FirestationDaoImpl [http-nio-8080-exec-3] FireStation Modifiée: 
 { "station":"null", 
 "address":"null"} 
 par 
 { "station":"3", 
 "address":"33300 CHEZ MOI MODIF POST PUT !!!!"} 

2021-03-03 09:10:12,162 INFO c.s.s.d.FirestationDaoImpl [http-nio-8080-exec-4] Liste des FireStations: [
 { "station":"3", 
 "address":"1509 Culver St"} 
, 
 { "station":"2", 
 "address":"29 15th St"} 
, 
 { "station":"3", 
 "address":"834 Binoc Ave"} 
, 
 { "station":"1", 
 "address":"644 Gershwin Cir"} 
, 
 { "station":"3", 
 "address":"748 Townings Dr"} 
, 
 { "station":"3", 
 "address":"112 Steppes Pl"} 
, 
 { "station":"4", 
 "address":"489 Manchester St"} 
, 
 { "station":"2", 
 "address":"892 Downing Ct"} 
, 
 { "station":"1", 
 "address":"908 73rd St"} 
, 
 { "station":"4", 
 "address":"112 Steppes Pl"} 
, 
 { "station":"1", 
 "address":"947 E. Rose Dr"} 
, 
 { "station":"3", 
 "address":"748 Townings Dr"} 
, 
 { "station":"2", 
 "address":"951 LoneTree Rd"} 
]
2021-03-03 09:16:46,613 INFO c.s.s.SafetyAlertsApplication [main] Starting SafetyAlertsApplication using Java 15.0.1 on DESKTOP-IV3G66P with PID 25392 (C:\Users\ptiqu\Desktop\WorkSpace\P5\safetyAlerts\target\classes started by ptiqu in C:\Users\ptiqu\Desktop\WorkSpace\P5\safetyAlerts)
2021-03-03 09:16:46,619 INFO c.s.s.SafetyAlertsApplication [main] No active profile set, falling back to default profiles: default
2021-03-03 09:16:48,482 INFO c.s.s.s.MapperServiceImpl [main] Lancement du Mapper, rapatriement des donnees du Json en cour
2021-03-03 09:16:48,540 INFO c.s.s.s.MapperServiceImpl [main] Traitement du Mapper terminé, données rapatriées!
2021-03-03 09:16:48,932 INFO c.s.s.SafetyAlertsApplication [main] Started SafetyAlertsApplication in 2.582 seconds (JVM running for 3.444)
2021-03-03 09:16:52,989 INFO c.s.s.d.FirestationDaoImpl [http-nio-8080-exec-2] Liste des FireStations par id 3: [
 { "station":"3", 
 "address":"1509 Culver St"} 
, 
 { "station":"3", 
 "address":"834 Binoc Ave"} 
, 
 { "station":"3", 
 "address":"748 Townings Dr"} 
, 
 { "station":"3", 
 "address":"112 Steppes Pl"} 
, 
 { "station":"3", 
 "address":"748 Townings Dr"} 
]
2021-03-03 09:16:59,332 INFO c.s.s.d.FirestationDaoImpl [http-nio-8080-exec-3] Liste des FireStations: [
 { "station":"3", 
 "address":"1509 Culver St"} 
, 
 { "station":"2", 
 "address":"29 15th St"} 
, 
 { "station":"3", 
 "address":"834 Binoc Ave"} 
, 
 { "station":"1", 
 "address":"644 Gershwin Cir"} 
, 
 { "station":"3", 
 "address":"748 Townings Dr"} 
, 
 { "station":"3", 
 "address":"112 Steppes Pl"} 
, 
 { "station":"4", 
 "address":"489 Manchester St"} 
, 
 { "station":"2", 
 "address":"892 Downing Ct"} 
, 
 { "station":"1", 
 "address":"908 73rd St"} 
, 
 { "station":"4", 
 "address":"112 Steppes Pl"} 
, 
 { "station":"1", 
 "address":"947 E. Rose Dr"} 
, 
 { "station":"3", 
 "address":"748 Townings Dr"} 
, 
 { "station":"2", 
 "address":"951 LoneTree Rd"} 
]
2021-03-03 09:17:07,304 INFO c.s.s.d.FirestationDaoImpl [http-nio-8080-exec-4] Liste des FireStations par id 3: [
 { "station":"3", 
 "address":"1509 Culver St"} 
, 
 { "station":"3", 
 "address":"834 Binoc Ave"} 
, 
 { "station":"3", 
 "address":"748 Townings Dr"} 
, 
 { "station":"3", 
 "address":"112 Steppes Pl"} 
, 
 { "station":"3", 
 "address":"748 Townings Dr"} 
]
2021-03-03 09:17:15,727 INFO c.s.s.d.FirestationDaoImpl [http-nio-8080-exec-5] Liste des FireStations par id 2: [
 { "station":"2", 
 "address":"29 15th St"} 
, 
 { "station":"2", 
 "address":"892 Downing Ct"} 
, 
 { "station":"2", 
 "address":"951 LoneTree Rd"} 
]
2021-03-03 09:17:21,632 INFO c.s.s.d.FirestationDaoImpl [http-nio-8080-exec-6] Liste des FireStations par id 33: []
2021-03-03 09:17:28,178 INFO c.s.s.d.FirestationDaoImpl [http-nio-8080-exec-7] FireStation ajoutées: 
 { "station":"33", 
 "address":"33300 CHEZ MOI MODIF POST PUT !!!!"} 

2021-03-03 09:17:34,778 INFO c.s.s.d.FirestationDaoImpl [http-nio-8080-exec-8] Liste des FireStations: [
 { "station":"3", 
 "address":"1509 Culver St"} 
, 
 { "station":"2", 
 "address":"29 15th St"} 
, 
 { "station":"3", 
 "address":"834 Binoc Ave"} 
, 
 { "station":"1", 
 "address":"644 Gershwin Cir"} 
, 
 { "station":"3", 
 "address":"748 Townings Dr"} 
, 
 { "station":"3", 
 "address":"112 Steppes Pl"} 
, 
 { "station":"4", 
 "address":"489 Manchester St"} 
, 
 { "station":"2", 
 "address":"892 Downing Ct"} 
, 
 { "station":"1", 
 "address":"908 73rd St"} 
, 
 { "station":"4", 
 "address":"112 Steppes Pl"} 
, 
 { "station":"1", 
 "address":"947 E. Rose Dr"} 
, 
 { "station":"3", 
 "address":"748 Townings Dr"} 
, 
 { "station":"2", 
 "address":"951 LoneTree Rd"} 
, 
 { "station":"33", 
 "address":"33300 CHEZ MOI MODIF POST PUT !!!!"} 
]
2021-03-03 09:17:40,293 INFO c.s.s.d.FirestationDaoImpl [http-nio-8080-exec-9] Liste des FireStations par id 33: [
 { "station":"33", 
 "address":"33300 CHEZ MOI MODIF POST PUT !!!!"} 
]
2021-03-03 09:17:50,670 INFO c.s.s.d.FirestationDaoImpl [http-nio-8080-exec-10] Liste des FireStations supprimées avec id: 33 ou adresse: 33300 CHEZ MOI MODIF POST PUT !!!! !: [
 { "station":"33", 
 "address":"33300 CHEZ MOI MODIF POST PUT !!!!"} 
]
2021-03-03 09:17:54,711 INFO c.s.s.d.FirestationDaoImpl [http-nio-8080-exec-1] Liste des FireStations: [
 { "station":"3", 
 "address":"1509 Culver St"} 
, 
 { "station":"2", 
 "address":"29 15th St"} 
, 
 { "station":"3", 
 "address":"834 Binoc Ave"} 
, 
 { "station":"1", 
 "address":"644 Gershwin Cir"} 
, 
 { "station":"3", 
 "address":"748 Townings Dr"} 
, 
 { "station":"3", 
 "address":"112 Steppes Pl"} 
, 
 { "station":"4", 
 "address":"489 Manchester St"} 
, 
 { "station":"2", 
 "address":"892 Downing Ct"} 
, 
 { "station":"1", 
 "address":"908 73rd St"} 
, 
 { "station":"4", 
 "address":"112 Steppes Pl"} 
, 
 { "station":"1", 
 "address":"947 E. Rose Dr"} 
, 
 { "station":"3", 
 "address":"748 Townings Dr"} 
, 
 { "station":"2", 
 "address":"951 LoneTree Rd"} 
]
2021-03-03 09:17:58,527 INFO c.s.s.d.FirestationDaoImpl [http-nio-8080-exec-2] Liste des FireStations par id 33: []
2021-03-03 09:18:18,293 INFO c.s.s.d.FirestationDaoImpl [http-nio-8080-exec-3] FireStation Modifiée: 
 { "station":"null", 
 "address":"null"} 
 par 
 { "station":"3", 
 "address":"33300 CHEZ MOI MODIF POST PUT !!!!"} 

2021-03-03 09:18:52,930 INFO c.s.s.d.FirestationDaoImpl [http-nio-8080-exec-4] Liste des FireStations: [
 { "station":"3", 
 "address":"1509 Culver St"} 
, 
 { "station":"2", 
 "address":"29 15th St"} 
, 
 { "station":"3", 
 "address":"834 Binoc Ave"} 
, 
 { "station":"1", 
 "address":"644 Gershwin Cir"} 
, 
 { "station":"3", 
 "address":"748 Townings Dr"} 
, 
 { "station":"3", 
 "address":"112 Steppes Pl"} 
, 
 { "station":"4", 
 "address":"489 Manchester St"} 
, 
 { "station":"2", 
 "address":"892 Downing Ct"} 
, 
 { "station":"1", 
 "address":"908 73rd St"} 
, 
 { "station":"4", 
 "address":"112 Steppes Pl"} 
, 
 { "station":"1", 
 "address":"947 E. Rose Dr"} 
, 
 { "station":"3", 
 "address":"748 Townings Dr"} 
, 
 { "station":"2", 
 "address":"951 LoneTree Rd"} 
]
2021-03-03 09:19:08,550 INFO c.s.s.d.FirestationDaoImpl [http-nio-8080-exec-5] Liste des FireStations par id 3: [
 { "station":"3", 
 "address":"1509 Culver St"} 
, 
 { "station":"3", 
 "address":"834 Binoc Ave"} 
, 
 { "station":"3", 
 "address":"748 Townings Dr"} 
, 
 { "station":"3", 
 "address":"112 Steppes Pl"} 
, 
 { "station":"3", 
 "address":"748 Townings Dr"} 
]
2021-03-03 10:10:00,874 INFO c.s.s.d.FirestationDaoImpl [http-nio-8080-exec-8] Liste des FireStations par id 33: []
2021-03-03 10:10:08,028 INFO c.s.s.d.FirestationDaoImpl [http-nio-8080-exec-9] FireStation ajoutées: 
 { "station":"33", 
 "address":"33300 CHEZ MOI MODIF POST PUT !!!!"} 

2021-03-03 10:10:10,763 INFO c.s.s.d.FirestationDaoImpl [http-nio-8080-exec-10] Liste des FireStations: [
 { "station":"3", 
 "address":"1509 Culver St"} 
, 
 { "station":"2", 
 "address":"29 15th St"} 
, 
 { "station":"3", 
 "address":"834 Binoc Ave"} 
, 
 { "station":"1", 
 "address":"644 Gershwin Cir"} 
, 
 { "station":"3", 
 "address":"748 Townings Dr"} 
, 
 { "station":"3", 
 "address":"112 Steppes Pl"} 
, 
 { "station":"4", 
 "address":"489 Manchester St"} 
, 
 { "station":"2", 
 "address":"892 Downing Ct"} 
, 
 { "station":"1", 
 "address":"908 73rd St"} 
, 
 { "station":"4", 
 "address":"112 Steppes Pl"} 
, 
 { "station":"1", 
 "address":"947 E. Rose Dr"} 
, 
 { "station":"3", 
 "address":"748 Townings Dr"} 
, 
 { "station":"2", 
 "address":"951 LoneTree Rd"} 
, 
 { "station":"33", 
 "address":"33300 CHEZ MOI MODIF POST PUT !!!!"} 
]
2021-03-03 10:10:15,642 INFO c.s.s.d.FirestationDaoImpl [http-nio-8080-exec-1] Liste des FireStations par id 33: [
 { "station":"33", 
 "address":"33300 CHEZ MOI MODIF POST PUT !!!!"} 
]
2021-03-03 10:10:37,018 INFO c.s.s.d.FirestationDaoImpl [http-nio-8080-exec-2] FireStation ajoutées: 
 { "station":"33", 
 "address":"33300 CHEZ MOI MODIF Put PUT !!!!"} 

2021-03-03 10:10:39,436 INFO c.s.s.d.FirestationDaoImpl [http-nio-8080-exec-3] Liste des FireStations: [
 { "station":"3", 
 "address":"1509 Culver St"} 
, 
 { "station":"2", 
 "address":"29 15th St"} 
, 
 { "station":"3", 
 "address":"834 Binoc Ave"} 
, 
 { "station":"1", 
 "address":"644 Gershwin Cir"} 
, 
 { "station":"3", 
 "address":"748 Townings Dr"} 
, 
 { "station":"3", 
 "address":"112 Steppes Pl"} 
, 
 { "station":"4", 
 "address":"489 Manchester St"} 
, 
 { "station":"2", 
 "address":"892 Downing Ct"} 
, 
 { "station":"1", 
 "address":"908 73rd St"} 
, 
 { "station":"4", 
 "address":"112 Steppes Pl"} 
, 
 { "station":"1", 
 "address":"947 E. Rose Dr"} 
, 
 { "station":"3", 
 "address":"748 Townings Dr"} 
, 
 { "station":"2", 
 "address":"951 LoneTree Rd"} 
, 
 { "station":"33", 
 "address":"33300 CHEZ MOI MODIF POST PUT !!!!"} 
, 
 { "station":"33", 
 "address":"33300 CHEZ MOI MODIF Put PUT !!!!"} 
]
2021-03-03 10:10:47,102 INFO c.s.s.d.FirestationDaoImpl [http-nio-8080-exec-4] Liste des FireStations par id 33: [
 { "station":"33", 
 "address":"33300 CHEZ MOI MODIF POST PUT !!!!"} 
, 
 { "station":"33", 
 "address":"33300 CHEZ MOI MODIF Put PUT !!!!"} 
]
2021-03-03 10:12:05,326 INFO c.s.s.d.FirestationDaoImpl [http-nio-8080-exec-7] Liste des FireStations supprimées avec id: 33 ou adresse: 33300 CHEZ MOI MODIF POST PUT !!!! !: [
 { "station":"33", 
 "address":"33300 CHEZ MOI MODIF POST PUT !!!!"} 
, 
 { "station":"33", 
 "address":"33300 CHEZ MOI MODIF Put PUT !!!!"} 
]
2021-03-03 10:12:08,978 INFO c.s.s.d.FirestationDaoImpl [http-nio-8080-exec-8] Liste des FireStations: [
 { "station":"3", 
 "address":"1509 Culver St"} 
, 
 { "station":"2", 
 "address":"29 15th St"} 
, 
 { "station":"3", 
 "address":"834 Binoc Ave"} 
, 
 { "station":"1", 
 "address":"644 Gershwin Cir"} 
, 
 { "station":"3", 
 "address":"748 Townings Dr"} 
, 
 { "station":"3", 
 "address":"112 Steppes Pl"} 
, 
 { "station":"4", 
 "address":"489 Manchester St"} 
, 
 { "station":"2", 
 "address":"892 Downing Ct"} 
, 
 { "station":"1", 
 "address":"908 73rd St"} 
, 
 { "station":"4", 
 "address":"112 Steppes Pl"} 
, 
 { "station":"1", 
 "address":"947 E. Rose Dr"} 
, 
 { "station":"3", 
 "address":"748 Townings Dr"} 
, 
 { "station":"2", 
 "address":"951 LoneTree Rd"} 
]
2021-03-03 10:12:13,876 INFO c.s.s.d.FirestationDaoImpl [http-nio-8080-exec-9] Liste des FireStations par id 33: []
2021-03-03 11:21:42,801 INFO c.s.s.d.FirestationDaoImpl [http-nio-8080-exec-2] Liste des FireStations par id 33: []
2021-03-03 11:21:55,681 INFO c.s.s.d.FirestationDaoImpl [http-nio-8080-exec-3] Liste des FireStations: [
 { "station":"3", 
 "address":"1509 Culver St"} 
, 
 { "station":"2", 
 "address":"29 15th St"} 
, 
 { "station":"3", 
 "address":"834 Binoc Ave"} 
, 
 { "station":"1", 
 "address":"644 Gershwin Cir"} 
, 
 { "station":"3", 
 "address":"748 Townings Dr"} 
, 
 { "station":"3", 
 "address":"112 Steppes Pl"} 
, 
 { "station":"4", 
 "address":"489 Manchester St"} 
, 
 { "station":"2", 
 "address":"892 Downing Ct"} 
, 
 { "station":"1", 
 "address":"908 73rd St"} 
, 
 { "station":"4", 
 "address":"112 Steppes Pl"} 
, 
 { "station":"1", 
 "address":"947 E. Rose Dr"} 
, 
 { "station":"3", 
 "address":"748 Townings Dr"} 
, 
 { "station":"2", 
 "address":"951 LoneTree Rd"} 
]
2021-03-03 11:22:15,555 INFO c.s.s.d.FirestationDaoImpl [http-nio-8080-exec-4] FireStation ajoutées: 
 { "station":"33", 
 "address":"33300 CHEZ MOI MODIF POST POST !!!!"} 

2021-03-03 11:22:34,693 INFO c.s.s.d.FirestationDaoImpl [http-nio-8080-exec-5] Liste des FireStations par id 33: [
 { "station":"33", 
 "address":"33300 CHEZ MOI MODIF POST POST !!!!"} 
]
2021-03-03 11:22:46,223 INFO c.s.s.d.FirestationDaoImpl [http-nio-8080-exec-6] Liste des FireStations: [
 { "station":"3", 
 "address":"1509 Culver St"} 
, 
 { "station":"2", 
 "address":"29 15th St"} 
, 
 { "station":"3", 
 "address":"834 Binoc Ave"} 
, 
 { "station":"1", 
 "address":"644 Gershwin Cir"} 
, 
 { "station":"3", 
 "address":"748 Townings Dr"} 
, 
 { "station":"3", 
 "address":"112 Steppes Pl"} 
, 
 { "station":"4", 
 "address":"489 Manchester St"} 
, 
 { "station":"2", 
 "address":"892 Downing Ct"} 
, 
 { "station":"1", 
 "address":"908 73rd St"} 
, 
 { "station":"4", 
 "address":"112 Steppes Pl"} 
, 
 { "station":"1", 
 "address":"947 E. Rose Dr"} 
, 
 { "station":"3", 
 "address":"748 Townings Dr"} 
, 
 { "station":"2", 
 "address":"951 LoneTree Rd"} 
, 
 { "station":"33", 
 "address":"33300 CHEZ MOI MODIF POST POST !!!!"} 
]
2021-03-03 11:23:13,042 INFO c.s.s.d.FirestationDaoImpl [http-nio-8080-exec-7] FireStation Modifiée: 
 { "station":"null", 
 "address":"null"} 
 par 
 { "station":"33", 
 "address":"33300 CHEZ MOI MODIF POST puis PUT !!!!"} 

2021-03-03 11:23:20,953 INFO c.s.s.d.FirestationDaoImpl [http-nio-8080-exec-8] Liste des FireStations: [
 { "station":"3", 
 "address":"1509 Culver St"} 
, 
 { "station":"2", 
 "address":"29 15th St"} 
, 
 { "station":"3", 
 "address":"834 Binoc Ave"} 
, 
 { "station":"1", 
 "address":"644 Gershwin Cir"} 
, 
 { "station":"3", 
 "address":"748 Townings Dr"} 
, 
 { "station":"3", 
 "address":"112 Steppes Pl"} 
, 
 { "station":"4", 
 "address":"489 Manchester St"} 
, 
 { "station":"2", 
 "address":"892 Downing Ct"} 
, 
 { "station":"1", 
 "address":"908 73rd St"} 
, 
 { "station":"4", 
 "address":"112 Steppes Pl"} 
, 
 { "station":"1", 
 "address":"947 E. Rose Dr"} 
, 
 { "station":"3", 
 "address":"748 Townings Dr"} 
, 
 { "station":"2", 
 "address":"951 LoneTree Rd"} 
, 
 { "station":"33", 
 "address":"33300 CHEZ MOI MODIF POST POST !!!!"} 
]
2021-03-03 11:23:48,171 INFO c.s.s.d.FirestationDaoImpl [http-nio-8080-exec-9] Liste des FireStations supprimées avec id: 33 ou adresse: 33300 CHEZ MOI MODIF POST PUT !!!! !: [
 { "station":"33", 
 "address":"33300 CHEZ MOI MODIF POST POST !!!!"} 
]
2021-03-03 11:24:30,443 INFO c.s.s.d.FirestationDaoImpl [http-nio-8080-exec-10] Liste des FireStations: [
 { "station":"3", 
 "address":"1509 Culver St"} 
, 
 { "station":"2", 
 "address":"29 15th St"} 
, 
 { "station":"3", 
 "address":"834 Binoc Ave"} 
, 
 { "station":"1", 
 "address":"644 Gershwin Cir"} 
, 
 { "station":"3", 
 "address":"748 Townings Dr"} 
, 
 { "station":"3", 
 "address":"112 Steppes Pl"} 
, 
 { "station":"4", 
 "address":"489 Manchester St"} 
, 
 { "station":"2", 
 "address":"892 Downing Ct"} 
, 
 { "station":"1", 
 "address":"908 73rd St"} 
, 
 { "station":"4", 
 "address":"112 Steppes Pl"} 
, 
 { "station":"1", 
 "address":"947 E. Rose Dr"} 
, 
 { "station":"3", 
 "address":"748 Townings Dr"} 
, 
 { "station":"2", 
 "address":"951 LoneTree Rd"} 
]
2021-03-03 11:24:54,564 INFO c.s.s.d.FirestationDaoImpl [http-nio-8080-exec-1] Aucune FireStation Supprimée avec id: 33 ou adresse: 33300 CHEZ MOI MODIF POST PUT !!!! !: []
2021-03-03 11:25:02,909 INFO c.s.s.d.FirestationDaoImpl [http-nio-8080-exec-2] Liste des FireStations par id 33: []
2021-03-03 11:25:12,078 INFO c.s.s.d.FirestationDaoImpl [http-nio-8080-exec-3] FireStation ajoutées: 
 { "station":"3", 
 "address":"33300 CHEZ MOI MODIF POST POST !!!!"} 

2021-03-03 11:25:28,851 INFO c.s.s.d.FirestationDaoImpl [http-nio-8080-exec-4] Liste des FireStations: [
 { "station":"3", 
 "address":"1509 Culver St"} 
, 
 { "station":"2", 
 "address":"29 15th St"} 
, 
 { "station":"3", 
 "address":"834 Binoc Ave"} 
, 
 { "station":"1", 
 "address":"644 Gershwin Cir"} 
, 
 { "station":"3", 
 "address":"748 Townings Dr"} 
, 
 { "station":"3", 
 "address":"112 Steppes Pl"} 
, 
 { "station":"4", 
 "address":"489 Manchester St"} 
, 
 { "station":"2", 
 "address":"892 Downing Ct"} 
, 
 { "station":"1", 
 "address":"908 73rd St"} 
, 
 { "station":"4", 
 "address":"112 Steppes Pl"} 
, 
 { "station":"1", 
 "address":"947 E. Rose Dr"} 
, 
 { "station":"3", 
 "address":"748 Townings Dr"} 
, 
 { "station":"2", 
 "address":"951 LoneTree Rd"} 
, 
 { "station":"3", 
 "address":"33300 CHEZ MOI MODIF POST POST !!!!"} 
]
2021-03-03 11:25:37,486 INFO c.s.s.d.FirestationDaoImpl [http-nio-8080-exec-5] Aucune FireStation Supprimée avec id: 33 ou adresse: 33300 CHEZ MOI MODIF POST PUT !!!! !: []
2021-03-03 11:25:54,794 INFO c.s.s.d.FirestationDaoImpl [http-nio-8080-exec-6] Liste des FireStations supprimées avec id: 3 ou adresse: 33300 CHEZ MOI MODIF POST PUT !!!! !: [
 { "station":"3", 
 "address":"1509 Culver St"} 
, 
 { "station":"3", 
 "address":"834 Binoc Ave"} 
, 
 { "station":"3", 
 "address":"748 Townings Dr"} 
, 
 { "station":"3", 
 "address":"112 Steppes Pl"} 
, 
 { "station":"3", 
 "address":"748 Townings Dr"} 
, 
 { "station":"3", 
 "address":"33300 CHEZ MOI MODIF POST POST !!!!"} 
]
2021-03-03 11:26:03,840 INFO c.s.s.d.FirestationDaoImpl [http-nio-8080-exec-7] Liste des FireStations: [
 { "station":"2", 
 "address":"29 15th St"} 
, 
 { "station":"1", 
 "address":"644 Gershwin Cir"} 
, 
 { "station":"4", 
 "address":"489 Manchester St"} 
, 
 { "station":"2", 
 "address":"892 Downing Ct"} 
, 
 { "station":"1", 
 "address":"908 73rd St"} 
, 
 { "station":"4", 
 "address":"112 Steppes Pl"} 
, 
 { "station":"1", 
 "address":"947 E. Rose Dr"} 
, 
 { "station":"2", 
 "address":"951 LoneTree Rd"} 
]
2021-03-03 14:39:32,014 INFO c.s.s.SafetyAlertsApplication [main] Starting SafetyAlertsApplication using Java 15.0.1 on DESKTOP-IV3G66P with PID 15668 (C:\Users\ptiqu\Desktop\WorkSpace\P5\safetyAlerts\target\classes started by ptiqu in C:\Users\ptiqu\Desktop\WorkSpace\P5\safetyAlerts)
2021-03-03 14:39:32,020 INFO c.s.s.SafetyAlertsApplication [main] No active profile set, falling back to default profiles: default
2021-03-03 14:39:33,890 INFO c.s.s.s.MapperService [main] Lancement du Mapper, rapatriement des donnees du Json en cour
2021-03-03 14:39:33,952 INFO c.s.s.s.MapperService [main] Traitement du Mapper terminé, données rapatriées!
2021-03-03 14:39:34,346 INFO c.s.s.SafetyAlertsApplication [main] Started SafetyAlertsApplication in 2.591 seconds (JVM running for 3.459)
2021-03-03 14:40:40,167 INFO c.s.s.d.FirestationDaoImpl [http-nio-8080-exec-1] Liste des FireStations: [
 { "station":"3", 
 "address":"1509 Culver St"} 
, 
 { "station":"2", 
 "address":"29 15th St"} 
, 
 { "station":"3", 
 "address":"834 Binoc Ave"} 
, 
 { "station":"1", 
 "address":"644 Gershwin Cir"} 
, 
 { "station":"3", 
 "address":"748 Townings Dr"} 
, 
 { "station":"3", 
 "address":"112 Steppes Pl"} 
, 
 { "station":"4", 
 "address":"489 Manchester St"} 
, 
 { "station":"2", 
 "address":"892 Downing Ct"} 
, 
 { "station":"1", 
 "address":"908 73rd St"} 
, 
 { "station":"4", 
 "address":"112 Steppes Pl"} 
, 
 { "station":"1", 
 "address":"947 E. Rose Dr"} 
, 
 { "station":"3", 
 "address":"748 Townings Dr"} 
, 
 { "station":"2", 
 "address":"951 LoneTree Rd"} 
]
2021-03-03 14:52:38,836 INFO c.s.s.SafetyAlertsApplication [main] Starting SafetyAlertsApplication using Java 15.0.1 on DESKTOP-IV3G66P with PID 12436 (C:\Users\ptiqu\Desktop\WorkSpace\P5\safetyAlerts\target\classes started by ptiqu in C:\Users\ptiqu\Desktop\WorkSpace\P5\safetyAlerts)
2021-03-03 14:52:38,842 INFO c.s.s.SafetyAlertsApplication [main] No active profile set, falling back to default profiles: default
2021-03-03 14:52:40,729 INFO c.s.s.s.MapperService [main] Lancement du Mapper, rapatriement des donnees du Json en cour
2021-03-03 14:52:40,789 INFO c.s.s.s.MapperService [main] Traitement du Mapper terminé, données rapatriées!
2021-03-03 14:52:41,193 INFO c.s.s.SafetyAlertsApplication [main] Started SafetyAlertsApplication in 2.618 seconds (JVM running for 3.494)
2021-03-03 14:52:48,116 INFO c.s.s.s.FirestationService [http-nio-8080-exec-1] Lancement de la recherche de toutes les FireStations
2021-03-03 14:52:48,116 INFO c.s.s.d.FirestationDaoImpl [http-nio-8080-exec-1] Liste des FireStations: [
 { "station":"3", 
 "address":"1509 Culver St"} 
, 
 { "station":"2", 
 "address":"29 15th St"} 
, 
 { "station":"3", 
 "address":"834 Binoc Ave"} 
, 
 { "station":"1", 
 "address":"644 Gershwin Cir"} 
, 
 { "station":"3", 
 "address":"748 Townings Dr"} 
, 
 { "station":"3", 
 "address":"112 Steppes Pl"} 
, 
 { "station":"4", 
 "address":"489 Manchester St"} 
, 
 { "station":"2", 
 "address":"892 Downing Ct"} 
, 
 { "station":"1", 
 "address":"908 73rd St"} 
, 
 { "station":"4", 
 "address":"112 Steppes Pl"} 
, 
 { "station":"1", 
 "address":"947 E. Rose Dr"} 
, 
 { "station":"3", 
 "address":"748 Townings Dr"} 
, 
 { "station":"2", 
 "address":"951 LoneTree Rd"} 
]
2021-03-03 15:10:09,708 INFO c.s.s.SafetyAlertsApplication [main] Starting SafetyAlertsApplication using Java 15.0.1 on DESKTOP-IV3G66P with PID 5204 (C:\Users\ptiqu\Desktop\WorkSpace\P5\safetyAlerts\target\classes started by ptiqu in C:\Users\ptiqu\Desktop\WorkSpace\P5\safetyAlerts)
2021-03-03 15:10:09,714 INFO c.s.s.SafetyAlertsApplication [main] No active profile set, falling back to default profiles: default
2021-03-03 15:10:42,671 INFO c.s.s.SafetyAlertsApplication [main] Starting SafetyAlertsApplication using Java 15.0.1 on DESKTOP-IV3G66P with PID 20688 (C:\Users\ptiqu\Desktop\WorkSpace\P5\safetyAlerts\target\classes started by ptiqu in C:\Users\ptiqu\Desktop\WorkSpace\P5\safetyAlerts)
2021-03-03 15:10:42,677 INFO c.s.s.SafetyAlertsApplication [main] No active profile set, falling back to default profiles: default
2021-03-03 15:13:23,093 INFO c.s.s.SafetyAlertsApplication [main] Starting SafetyAlertsApplication using Java 15.0.1 on DESKTOP-IV3G66P with PID 580 (C:\Users\ptiqu\Desktop\WorkSpace\P5\safetyAlerts\target\classes started by ptiqu in C:\Users\ptiqu\Desktop\WorkSpace\P5\safetyAlerts)
2021-03-03 15:13:23,100 INFO c.s.s.SafetyAlertsApplication [main] No active profile set, falling back to default profiles: default
2021-03-03 15:14:35,713 INFO c.s.s.SafetyAlertsApplication [main] Starting SafetyAlertsApplication using Java 15.0.1 on DESKTOP-IV3G66P with PID 15900 (C:\Users\ptiqu\Desktop\WorkSpace\P5\safetyAlerts\target\classes started by ptiqu in C:\Users\ptiqu\Desktop\WorkSpace\P5\safetyAlerts)
2021-03-03 15:14:35,720 INFO c.s.s.SafetyAlertsApplication [main] No active profile set, falling back to default profiles: default
2021-03-03 15:18:50,959 INFO c.s.s.SafetyAlertsApplication [main] Starting SafetyAlertsApplication using Java 15.0.1 on DESKTOP-IV3G66P with PID 17656 (C:\Users\ptiqu\Desktop\WorkSpace\P5\safetyAlerts\target\classes started by ptiqu in C:\Users\ptiqu\Desktop\WorkSpace\P5\safetyAlerts)
2021-03-03 15:18:50,966 INFO c.s.s.SafetyAlertsApplication [main] No active profile set, falling back to default profiles: default
2021-03-03 15:19:23,229 INFO c.s.s.SafetyAlertsApplication [main] Starting SafetyAlertsApplication using Java 15.0.1 on DESKTOP-IV3G66P with PID 13756 (C:\Users\ptiqu\Desktop\WorkSpace\P5\safetyAlerts\target\classes started by ptiqu in C:\Users\ptiqu\Desktop\WorkSpace\P5\safetyAlerts)
2021-03-03 15:19:23,235 INFO c.s.s.SafetyAlertsApplication [main] No active profile set, falling back to default profiles: default
2021-03-03 15:19:25,113 INFO c.s.s.s.MapperService [main] Lancement du Mapper, rapatriement des donnees du Json en cour
2021-03-03 15:19:25,176 INFO c.s.s.s.MapperService [main] Traitement du Mapper terminé, données rapatriées!
2021-03-03 15:19:25,587 INFO c.s.s.SafetyAlertsApplication [main] Started SafetyAlertsApplication in 2.614 seconds (JVM running for 3.452)
2021-03-03 15:19:48,036 INFO c.s.s.s.FirestationService [http-nio-8080-exec-1] Lancement de la recherche de toutes les FireStations
2021-03-03 15:19:48,036 INFO c.s.s.d.FirestationDaoImpl [http-nio-8080-exec-1] Liste des FireStations: [
 { "station":"3", 
 "address":"1509 Culver St"} 
, 
 { "station":"2", 
 "address":"29 15th St"} 
, 
 { "station":"3", 
 "address":"834 Binoc Ave"} 
, 
 { "station":"1", 
 "address":"644 Gershwin Cir"} 
, 
 { "station":"3", 
 "address":"748 Townings Dr"} 
, 
 { "station":"3", 
 "address":"112 Steppes Pl"} 
, 
 { "station":"4", 
 "address":"489 Manchester St"} 
, 
 { "station":"2", 
 "address":"892 Downing Ct"} 
, 
 { "station":"1", 
 "address":"908 73rd St"} 
, 
 { "station":"4", 
 "address":"112 Steppes Pl"} 
, 
 { "station":"1", 
 "address":"947 E. Rose Dr"} 
, 
 { "station":"3", 
 "address":"748 Townings Dr"} 
, 
 { "station":"2", 
 "address":"951 LoneTree Rd"} 
]
2021-03-03 16:50:53,927 INFO c.s.s.SafetyAlertsApplication [main] Starting SafetyAlertsApplication using Java 15.0.1 on DESKTOP-IV3G66P with PID 20332 (C:\Users\ptiqu\Desktop\WorkSpace\P5\safetyAlerts\target\classes started by ptiqu in C:\Users\ptiqu\Desktop\WorkSpace\P5\safetyAlerts)
2021-03-03 16:50:53,933 INFO c.s.s.SafetyAlertsApplication [main] No active profile set, falling back to default profiles: default
2021-03-03 16:50:55,831 INFO c.s.s.s.MapperService [main] Lancement du Mapper, rapatriement des donnees du Json en cour
2021-03-03 16:50:55,898 INFO c.s.s.s.MapperService [main] Traitement du Mapper terminé, données rapatriées!
2021-03-03 16:50:56,321 INFO c.s.s.SafetyAlertsApplication [main] Started SafetyAlertsApplication in 2.653 seconds (JVM running for 6.863)
2021-03-03 16:51:07,018 INFO c.s.s.s.FirestationService [http-nio-8080-exec-2] Lancement de la recherche de toutes les FireStations
2021-03-03 16:51:07,018 INFO c.s.s.d.FirestationDaoImpl [http-nio-8080-exec-2] Liste des FireStations: [
 { "station":"3", 
 "address":"1509 Culver St"} 
, 
 { "station":"2", 
 "address":"29 15th St"} 
, 
 { "station":"3", 
 "address":"834 Binoc Ave"} 
, 
 { "station":"1", 
 "address":"644 Gershwin Cir"} 
, 
 { "station":"3", 
 "address":"748 Townings Dr"} 
, 
 { "station":"3", 
 "address":"112 Steppes Pl"} 
, 
 { "station":"4", 
 "address":"489 Manchester St"} 
, 
 { "station":"2", 
 "address":"892 Downing Ct"} 
, 
 { "station":"1", 
 "address":"908 73rd St"} 
, 
 { "station":"4", 
 "address":"112 Steppes Pl"} 
, 
 { "station":"1", 
 "address":"947 E. Rose Dr"} 
, 
 { "station":"3", 
 "address":"748 Townings Dr"} 
, 
 { "station":"2", 
 "address":"951 LoneTree Rd"} 
]
2021-03-03 16:51:15,345 INFO c.s.s.s.FirestationService [http-nio-8080-exec-4] Vérification id avant traitement: 3
2021-03-03 16:51:15,345 INFO c.s.s.d.FirestationDaoImpl [http-nio-8080-exec-4] -->Lancement de la recherche!
2021-03-03 16:51:15,345 INFO c.s.s.d.FirestationDaoImpl [http-nio-8080-exec-4] --> Création de la liste!
2021-03-03 16:51:15,346 INFO c.s.s.d.FirestationDaoImpl [http-nio-8080-exec-4] --> Création de la liste!
2021-03-03 16:51:15,346 INFO c.s.s.d.FirestationDaoImpl [http-nio-8080-exec-4] --> Création de la liste!
2021-03-03 16:51:15,346 INFO c.s.s.d.FirestationDaoImpl [http-nio-8080-exec-4] --> Création de la liste!
2021-03-03 16:51:15,346 INFO c.s.s.d.FirestationDaoImpl [http-nio-8080-exec-4] --> Création de la liste!
2021-03-03 16:51:15,346 INFO c.s.s.d.FirestationDaoImpl [http-nio-8080-exec-4] --->Liste des FireStations par id 3: [
 { "station":"3", 
 "address":"1509 Culver St"} 
, 
 { "station":"3", 
 "address":"834 Binoc Ave"} 
, 
 { "station":"3", 
 "address":"748 Townings Dr"} 
, 
 { "station":"3", 
 "address":"112 Steppes Pl"} 
, 
 { "station":"3", 
 "address":"748 Townings Dr"} 
]
2021-03-03 16:51:58,390 INFO c.s.s.s.FirestationService [http-nio-8080-exec-3] Vérification id avant traitement: 33
2021-03-03 16:51:58,390 INFO c.s.s.d.FirestationDaoImpl [http-nio-8080-exec-3] -->Lancement de la recherche!
2021-03-03 16:51:58,391 INFO c.s.s.d.FirestationDaoImpl [http-nio-8080-exec-3] --->Aucune donnée trouvée pour id 33
2021-03-03 16:52:46,805 INFO c.s.s.s.FirestationService [http-nio-8080-exec-6] Vérification id avant traitement:  
2021-03-03 16:52:46,805 INFO c.s.s.s.FirestationService [http-nio-8080-exec-6] Recherche avortée, id station null :  
2021-03-03 16:53:44,222 INFO c.s.s.s.FirestationService [http-nio-8080-exec-9] Vérification id avant traitement:     
2021-03-03 16:53:44,222 INFO c.s.s.s.FirestationService [http-nio-8080-exec-9] Recherche avortée, id station null :     
2021-03-03 16:54:54,418 INFO c.s.s.SafetyAlertsApplication [main] Starting SafetyAlertsApplication using Java 15.0.1 on DESKTOP-IV3G66P with PID 24120 (C:\Users\ptiqu\Desktop\WorkSpace\P5\safetyAlerts\target\classes started by ptiqu in C:\Users\ptiqu\Desktop\WorkSpace\P5\safetyAlerts)
2021-03-03 16:54:54,424 INFO c.s.s.SafetyAlertsApplication [main] No active profile set, falling back to default profiles: default
2021-03-03 16:54:56,352 INFO c.s.s.s.MapperService [main] Lancement du Mapper, rapatriement des donnees du Json en cour
2021-03-03 16:54:56,413 INFO c.s.s.s.MapperService [main] Traitement du Mapper terminé, données rapatriées!
2021-03-03 16:54:56,825 INFO c.s.s.SafetyAlertsApplication [main] Started SafetyAlertsApplication in 2.666 seconds (JVM running for 3.557)
2021-03-03 16:55:00,506 INFO c.s.s.s.FirestationService [http-nio-8080-exec-1] Vérification id avant traitement:     
2021-03-03 16:55:00,506 INFO c.s.s.s.FirestationService [http-nio-8080-exec-1] ->Recherche avortée, id station null :     
2021-03-03 16:55:17,967 INFO c.s.s.s.FirestationService [http-nio-8080-exec-4] Vérification id avant traitement:   
2021-03-03 16:55:17,967 INFO c.s.s.s.FirestationService [http-nio-8080-exec-4] ->Recherche avortée, id station null :   
2021-03-03 16:55:29,362 INFO c.s.s.s.FirestationService [http-nio-8080-exec-5] Vérification id avant traitement: 44
2021-03-03 16:55:29,362 INFO c.s.s.d.FirestationDaoImpl [http-nio-8080-exec-5] -->Lancement de la recherche!
2021-03-03 16:55:29,362 INFO c.s.s.d.FirestationDaoImpl [http-nio-8080-exec-5] --->Aucune donnée trouvée pour id 44
2021-03-03 16:55:44,955 INFO c.s.s.s.FirestationService [http-nio-8080-exec-6] Vérification id avant traitement: 2
2021-03-03 16:55:44,955 INFO c.s.s.d.FirestationDaoImpl [http-nio-8080-exec-6] -->Lancement de la recherche!
2021-03-03 16:55:44,955 INFO c.s.s.d.FirestationDaoImpl [http-nio-8080-exec-6] --> Création de la liste!
2021-03-03 16:55:44,955 INFO c.s.s.d.FirestationDaoImpl [http-nio-8080-exec-6] --> Création de la liste!
2021-03-03 16:55:44,956 INFO c.s.s.d.FirestationDaoImpl [http-nio-8080-exec-6] --> Création de la liste!
2021-03-03 16:55:44,956 INFO c.s.s.d.FirestationDaoImpl [http-nio-8080-exec-6] --->Liste des FireStations par id 2: [
 { "station":"2", 
 "address":"29 15th St"} 
, 
 { "station":"2", 
 "address":"892 Downing Ct"} 
, 
 { "station":"2", 
 "address":"951 LoneTree Rd"} 
]
2021-03-03 16:58:10,040 INFO c.s.s.SafetyAlertsApplication [main] Starting SafetyAlertsApplication using Java 15.0.1 on DESKTOP-IV3G66P with PID 6036 (C:\Users\ptiqu\Desktop\WorkSpace\P5\safetyAlerts\target\classes started by ptiqu in C:\Users\ptiqu\Desktop\WorkSpace\P5\safetyAlerts)
2021-03-03 16:58:10,046 INFO c.s.s.SafetyAlertsApplication [main] No active profile set, falling back to default profiles: default
2021-03-03 16:58:11,966 INFO c.s.s.s.MapperService [main] Lancement du Mapper, rapatriement des donnees du Json en cour
2021-03-03 16:58:12,027 INFO c.s.s.s.MapperService [main] Traitement du Mapper terminé, données rapatriées!
2021-03-03 16:58:12,419 INFO c.s.s.SafetyAlertsApplication [main] Started SafetyAlertsApplication in 2.638 seconds (JVM running for 3.506)
2021-03-03 16:58:16,161 INFO c.s.s.s.FirestationService [http-nio-8080-exec-2] Vérification id avant traitement: 2
2021-03-03 16:58:16,161 INFO c.s.s.d.FirestationDaoImpl [http-nio-8080-exec-2] -->Lancement de la recherche!
2021-03-03 16:58:16,162 INFO c.s.s.d.FirestationDaoImpl [http-nio-8080-exec-2] --> Ajout d'un résultat à la  liste!
2021-03-03 16:58:16,162 INFO c.s.s.d.FirestationDaoImpl [http-nio-8080-exec-2] --> Ajout d'un résultat à la  liste!
2021-03-03 16:58:16,162 INFO c.s.s.d.FirestationDaoImpl [http-nio-8080-exec-2] --> Ajout d'un résultat à la  liste!
2021-03-03 16:58:16,162 INFO c.s.s.d.FirestationDaoImpl [http-nio-8080-exec-2] --->Liste des FireStations par id 2: [
 { "station":"2", 
 "address":"29 15th St"} 
, 
 { "station":"2", 
 "address":"892 Downing Ct"} 
, 
 { "station":"2", 
 "address":"951 LoneTree Rd"} 
]
2021-03-03 17:09:29,693 INFO c.s.s.SafetyAlertsApplication [main] Starting SafetyAlertsApplication using Java 15.0.1 on DESKTOP-IV3G66P with PID 5968 (C:\Users\ptiqu\Desktop\WorkSpace\P5\safetyAlerts\target\classes started by ptiqu in C:\Users\ptiqu\Desktop\WorkSpace\P5\safetyAlerts)
2021-03-03 17:09:29,699 INFO c.s.s.SafetyAlertsApplication [main] No active profile set, falling back to default profiles: default
2021-03-03 17:10:41,385 INFO c.s.s.SafetyAlertsApplication [main] Starting SafetyAlertsApplication using Java 15.0.1 on DESKTOP-IV3G66P with PID 15136 (C:\Users\ptiqu\Desktop\WorkSpace\P5\safetyAlerts\target\classes started by ptiqu in C:\Users\ptiqu\Desktop\WorkSpace\P5\safetyAlerts)
2021-03-03 17:10:41,392 INFO c.s.s.SafetyAlertsApplication [main] No active profile set, falling back to default profiles: default
2021-03-03 17:10:43,264 INFO c.s.s.s.MapperService [main] Lancement du Mapper, rapatriement des donnees du Json en cour
2021-03-03 17:12:30,848 INFO c.s.s.SafetyAlertsApplication [main] Starting SafetyAlertsApplication using Java 15.0.1 on DESKTOP-IV3G66P with PID 20724 (C:\Users\ptiqu\Desktop\WorkSpace\P5\safetyAlerts\target\classes started by ptiqu in C:\Users\ptiqu\Desktop\WorkSpace\P5\safetyAlerts)
2021-03-03 17:12:30,855 INFO c.s.s.SafetyAlertsApplication [main] No active profile set, falling back to default profiles: default
2021-03-03 17:12:32,701 INFO c.s.s.s.MapperService [main] Lancement du Mapper, rapatriement des donnees du Json en cour
2021-03-03 17:13:01,890 INFO c.s.s.SafetyAlertsApplication [main] Starting SafetyAlertsApplication using Java 15.0.1 on DESKTOP-IV3G66P with PID 3120 (C:\Users\ptiqu\Desktop\WorkSpace\P5\safetyAlerts\target\classes started by ptiqu in C:\Users\ptiqu\Desktop\WorkSpace\P5\safetyAlerts)
2021-03-03 17:13:01,897 INFO c.s.s.SafetyAlertsApplication [main] No active profile set, falling back to default profiles: default
2021-03-03 17:13:04,133 INFO c.s.s.SafetyAlertsApplication [main] Started SafetyAlertsApplication in 2.501 seconds (JVM running for 3.365)
2021-03-03 17:15:01,855 INFO c.s.s.SafetyAlertsApplication [main] Starting SafetyAlertsApplication using Java 15.0.1 on DESKTOP-IV3G66P with PID 11500 (C:\Users\ptiqu\Desktop\WorkSpace\P5\safetyAlerts\target\classes started by ptiqu in C:\Users\ptiqu\Desktop\WorkSpace\P5\safetyAlerts)
2021-03-03 17:15:01,861 INFO c.s.s.SafetyAlertsApplication [main] No active profile set, falling back to default profiles: default
2021-03-03 17:15:03,703 INFO c.s.s.s.MapperService [main] Lancement du Mapper, rapatriement des donnees du Json en cour
2021-03-03 17:16:54,855 INFO c.s.s.SafetyAlertsApplication [main] Starting SafetyAlertsApplication using Java 15.0.1 on DESKTOP-IV3G66P with PID 25124 (C:\Users\ptiqu\Desktop\WorkSpace\P5\safetyAlerts\target\classes started by ptiqu in C:\Users\ptiqu\Desktop\WorkSpace\P5\safetyAlerts)
2021-03-03 17:16:54,861 INFO c.s.s.SafetyAlertsApplication [main] No active profile set, falling back to default profiles: default
2021-03-03 17:16:56,747 INFO c.s.s.s.MapperService [main] Lancement du Mapper, rapatriement des donnees du Json en cour
2021-03-03 17:17:14,197 INFO c.s.s.SafetyAlertsApplication [main] Starting SafetyAlertsApplication using Java 15.0.1 on DESKTOP-IV3G66P with PID 17656 (C:\Users\ptiqu\Desktop\WorkSpace\P5\safetyAlerts\target\classes started by ptiqu in C:\Users\ptiqu\Desktop\WorkSpace\P5\safetyAlerts)
2021-03-03 17:17:14,204 INFO c.s.s.SafetyAlertsApplication [main] No active profile set, falling back to default profiles: default
2021-03-03 17:17:16,523 INFO c.s.s.SafetyAlertsApplication [main] Started SafetyAlertsApplication in 2.592 seconds (JVM running for 3.472)
2021-03-03 17:17:21,458 INFO c.s.s.s.FirestationService [http-nio-8080-exec-1] Vérification id avant traitement: 2
2021-03-03 17:17:21,467 INFO c.s.s.d.FirestationDaoImpl [http-nio-8080-exec-1] -->Lancement de la recherche!
2021-03-03 17:17:21,467 INFO c.s.s.d.FirestationDaoImpl [http-nio-8080-exec-1] --->Aucune donnée trouvée pour id 2
2021-03-03 17:17:30,970 INFO c.s.s.s.FirestationService [http-nio-8080-exec-3] Vérification id avant traitement: 3
2021-03-03 17:17:30,972 INFO c.s.s.d.FirestationDaoImpl [http-nio-8080-exec-3] -->Lancement de la recherche!
2021-03-03 17:17:30,972 INFO c.s.s.d.FirestationDaoImpl [http-nio-8080-exec-3] --->Aucune donnée trouvée pour id 3
2021-03-03 17:17:37,481 INFO c.s.s.s.FirestationService [http-nio-8080-exec-5] Vérification id avant traitement: 4
2021-03-03 17:17:37,482 INFO c.s.s.d.FirestationDaoImpl [http-nio-8080-exec-5] -->Lancement de la recherche!
2021-03-03 17:17:37,482 INFO c.s.s.d.FirestationDaoImpl [http-nio-8080-exec-5] --->Aucune donnée trouvée pour id 4
2021-03-03 17:18:28,260 INFO c.s.s.SafetyAlertsApplication [main] Starting SafetyAlertsApplication using Java 15.0.1 on DESKTOP-IV3G66P with PID 3224 (C:\Users\ptiqu\Desktop\WorkSpace\P5\safetyAlerts\target\classes started by ptiqu in C:\Users\ptiqu\Desktop\WorkSpace\P5\safetyAlerts)
2021-03-03 17:18:28,266 INFO c.s.s.SafetyAlertsApplication [main] No active profile set, falling back to default profiles: default
2021-03-03 17:18:30,117 INFO c.s.s.s.MapperService [main] Lancement du Mapper, rapatriement des donnees du Json en cour
2021-03-03 17:18:30,175 INFO c.s.s.s.MapperService [main] Traitement du Mapper terminé, données rapatriées!
2021-03-03 17:18:44,729 INFO c.s.s.SafetyAlertsApplication [main] Starting SafetyAlertsApplication using Java 15.0.1 on DESKTOP-IV3G66P with PID 24916 (C:\Users\ptiqu\Desktop\WorkSpace\P5\safetyAlerts\target\classes started by ptiqu in C:\Users\ptiqu\Desktop\WorkSpace\P5\safetyAlerts)
2021-03-03 17:18:44,735 INFO c.s.s.SafetyAlertsApplication [main] No active profile set, falling back to default profiles: default
2021-03-03 17:18:46,634 INFO c.s.s.s.MapperService [main] Lancement du Mapper, rapatriement des donnees du Json en cour
2021-03-03 17:18:46,695 INFO c.s.s.s.MapperService [main] Traitement du Mapper terminé, données rapatriées!
2021-03-03 17:18:47,104 INFO c.s.s.SafetyAlertsApplication [main] Started SafetyAlertsApplication in 2.639 seconds (JVM running for 3.51)
2021-03-03 17:19:01,684 INFO c.s.s.s.FirestationService [http-nio-8080-exec-1] Vérification id avant traitement: 4
2021-03-03 17:19:01,685 INFO c.s.s.d.FirestationDaoImpl [http-nio-8080-exec-1] -->Lancement de la recherche!
2021-03-03 17:19:01,685 INFO c.s.s.d.FirestationDaoImpl [http-nio-8080-exec-1] --> Ajout d'un résultat à la  liste!
2021-03-03 17:19:01,685 INFO c.s.s.d.FirestationDaoImpl [http-nio-8080-exec-1] --> Ajout d'un résultat à la  liste!
2021-03-03 17:19:01,685 INFO c.s.s.d.FirestationDaoImpl [http-nio-8080-exec-1] --->Liste des FireStations par id 4: [
 { "station":"4", 
 "address":"489 Manchester St"} 
, 
 { "station":"4", 
 "address":"112 Steppes Pl"} 
]
2021-03-03 17:19:32,396 INFO c.s.s.SafetyAlertsApplication [main] Starting SafetyAlertsApplication using Java 15.0.1 on DESKTOP-IV3G66P with PID 18540 (C:\Users\ptiqu\Desktop\WorkSpace\P5\safetyAlerts\target\classes started by ptiqu in C:\Users\ptiqu\Desktop\WorkSpace\P5\safetyAlerts)
2021-03-03 17:19:32,403 INFO c.s.s.SafetyAlertsApplication [main] No active profile set, falling back to default profiles: default
2021-03-03 17:19:34,272 INFO c.s.s.s.MapperService [main] Lancement du Mapper, rapatriement des donnees du Json en cour
2021-03-03 17:20:32,034 INFO c.s.s.SafetyAlertsApplication [main] Starting SafetyAlertsApplication using Java 15.0.1 on DESKTOP-IV3G66P with PID 17548 (C:\Users\ptiqu\Desktop\WorkSpace\P5\safetyAlerts\target\classes started by ptiqu in C:\Users\ptiqu\Desktop\WorkSpace\P5\safetyAlerts)
2021-03-03 17:20:32,040 INFO c.s.s.SafetyAlertsApplication [main] No active profile set, falling back to default profiles: default
2021-03-03 17:20:33,901 INFO c.s.s.s.MapperService [main] Lancement du Mapper, rapatriement des donnees du Json en cour
2021-03-03 17:21:12,816 INFO c.s.s.SafetyAlertsApplication [main] Starting SafetyAlertsApplication using Java 15.0.1 on DESKTOP-IV3G66P with PID 14208 (C:\Users\ptiqu\Desktop\WorkSpace\P5\safetyAlerts\target\classes started by ptiqu in C:\Users\ptiqu\Desktop\WorkSpace\P5\safetyAlerts)
2021-03-03 17:21:12,822 INFO c.s.s.SafetyAlertsApplication [main] No active profile set, falling back to default profiles: default
2021-03-03 17:21:14,710 INFO c.s.s.s.MapperService [main] Lancement du Mapper, rapatriement des donnees du Json en cour
2021-03-03 17:21:14,773 INFO c.s.s.s.MapperService [main] Traitement du Mapper terminé, données rapatriées!
2021-03-03 17:21:15,167 INFO c.s.s.SafetyAlertsApplication [main] Started SafetyAlertsApplication in 2.612 seconds (JVM running for 3.481)
2021-03-03 17:21:45,226 INFO c.s.s.s.FirestationService [http-nio-8080-exec-1] Vérification id avant traitement: 4
2021-03-03 17:21:45,226 INFO c.s.s.d.FirestationDaoImpl [http-nio-8080-exec-1] -->Lancement de la recherche!
2021-03-03 17:21:45,227 INFO c.s.s.d.FirestationDaoImpl [http-nio-8080-exec-1] --> Ajout d'un résultat à la  liste!
2021-03-03 17:21:45,227 INFO c.s.s.d.FirestationDaoImpl [http-nio-8080-exec-1] --> Ajout d'un résultat à la  liste!
2021-03-03 17:21:45,227 INFO c.s.s.d.FirestationDaoImpl [http-nio-8080-exec-1] --->Liste des FireStations par id 4: [
 { "station":"4", 
 "address":"489 Manchester St"} 
, 
 { "station":"4", 
 "address":"112 Steppes Pl"} 
]
2021-03-03 17:21:51,065 INFO c.s.s.s.FirestationService [http-nio-8080-exec-3] Vérification id avant traitement: 2
2021-03-03 17:21:51,065 INFO c.s.s.d.FirestationDaoImpl [http-nio-8080-exec-3] -->Lancement de la recherche!
2021-03-03 17:21:51,065 INFO c.s.s.d.FirestationDaoImpl [http-nio-8080-exec-3] --> Ajout d'un résultat à la  liste!
2021-03-03 17:21:51,065 INFO c.s.s.d.FirestationDaoImpl [http-nio-8080-exec-3] --> Ajout d'un résultat à la  liste!
2021-03-03 17:21:51,065 INFO c.s.s.d.FirestationDaoImpl [http-nio-8080-exec-3] --> Ajout d'un résultat à la  liste!
2021-03-03 17:21:51,066 INFO c.s.s.d.FirestationDaoImpl [http-nio-8080-exec-3] --->Liste des FireStations par id 2: [
 { "station":"2", 
 "address":"29 15th St"} 
, 
 { "station":"2", 
 "address":"892 Downing Ct"} 
, 
 { "station":"2", 
 "address":"951 LoneTree Rd"} 
]
2021-03-03 17:21:54,811 INFO c.s.s.s.FirestationService [http-nio-8080-exec-4] Vérification id avant traitement: 23
2021-03-03 17:21:54,812 INFO c.s.s.d.FirestationDaoImpl [http-nio-8080-exec-4] -->Lancement de la recherche!
2021-03-03 17:21:54,812 INFO c.s.s.d.FirestationDaoImpl [http-nio-8080-exec-4] --->Aucune donnée trouvée pour id 23
2021-03-03 17:22:21,470 INFO c.s.s.s.FirestationService [http-nio-8080-exec-6] Vérification id avant traitement: 33
2021-03-03 17:22:21,470 INFO c.s.s.d.FirestationDaoImpl [http-nio-8080-exec-6] -->Lancement de la recherche!
2021-03-03 17:22:21,471 INFO c.s.s.d.FirestationDaoImpl [http-nio-8080-exec-6] --->Aucune donnée trouvée pour id 33
2021-03-03 17:22:37,804 INFO c.s.s.s.FirestationService [http-nio-8080-exec-8] Vérification id avant traitement: 33
2021-03-03 17:22:37,804 INFO c.s.s.d.FirestationDaoImpl [http-nio-8080-exec-8] -->Lancement de la recherche!
2021-03-03 17:22:37,804 INFO c.s.s.d.FirestationDaoImpl [http-nio-8080-exec-8] --->Aucune donnée trouvée pour id 33
2021-03-03 17:22:42,523 INFO c.s.s.s.FirestationService [http-nio-8080-exec-9] Vérification id avant traitement: 3
2021-03-03 17:22:42,524 INFO c.s.s.d.FirestationDaoImpl [http-nio-8080-exec-9] -->Lancement de la recherche!
2021-03-03 17:22:42,524 INFO c.s.s.d.FirestationDaoImpl [http-nio-8080-exec-9] --> Ajout d'un résultat à la  liste!
2021-03-03 17:22:42,524 INFO c.s.s.d.FirestationDaoImpl [http-nio-8080-exec-9] --> Ajout d'un résultat à la  liste!
2021-03-03 17:22:42,524 INFO c.s.s.d.FirestationDaoImpl [http-nio-8080-exec-9] --> Ajout d'un résultat à la  liste!
2021-03-03 17:22:42,524 INFO c.s.s.d.FirestationDaoImpl [http-nio-8080-exec-9] --> Ajout d'un résultat à la  liste!
2021-03-03 17:22:42,524 INFO c.s.s.d.FirestationDaoImpl [http-nio-8080-exec-9] --> Ajout d'un résultat à la  liste!
2021-03-03 17:22:42,525 INFO c.s.s.d.FirestationDaoImpl [http-nio-8080-exec-9] --->Liste des FireStations par id 3: [
 { "station":"3", 
 "address":"1509 Culver St"} 
, 
 { "station":"3", 
 "address":"834 Binoc Ave"} 
, 
 { "station":"3", 
 "address":"748 Townings Dr"} 
, 
 { "station":"3", 
 "address":"112 Steppes Pl"} 
, 
 { "station":"3", 
 "address":"748 Townings Dr"} 
]
2021-03-03 17:23:07,549 INFO c.s.s.s.FirestationService [http-nio-8080-exec-1] Vérification id avant traitement: 3
2021-03-03 17:23:07,549 INFO c.s.s.d.FirestationDaoImpl [http-nio-8080-exec-1] -->Lancement de la recherche!
2021-03-03 17:23:07,549 INFO c.s.s.d.FirestationDaoImpl [http-nio-8080-exec-1] --> Ajout d'un résultat à la  liste!
2021-03-03 17:23:07,550 INFO c.s.s.d.FirestationDaoImpl [http-nio-8080-exec-1] --> Ajout d'un résultat à la  liste!
2021-03-03 17:23:07,550 INFO c.s.s.d.FirestationDaoImpl [http-nio-8080-exec-1] --> Ajout d'un résultat à la  liste!
2021-03-03 17:23:07,550 INFO c.s.s.d.FirestationDaoImpl [http-nio-8080-exec-1] --> Ajout d'un résultat à la  liste!
2021-03-03 17:23:07,550 INFO c.s.s.d.FirestationDaoImpl [http-nio-8080-exec-1] --> Ajout d'un résultat à la  liste!
2021-03-03 17:23:07,550 INFO c.s.s.d.FirestationDaoImpl [http-nio-8080-exec-1] --->Liste des FireStations par id 3: [
 { "station":"3", 
 "address":"1509 Culver St"} 
, 
 { "station":"3", 
 "address":"834 Binoc Ave"} 
, 
 { "station":"3", 
 "address":"748 Townings Dr"} 
, 
 { "station":"3", 
 "address":"112 Steppes Pl"} 
, 
 { "station":"3", 
 "address":"748 Townings Dr"} 
]
2021-03-03 17:27:05,731 INFO c.s.s.SafetyAlertsApplication [main] Starting SafetyAlertsApplication using Java 15.0.1 on DESKTOP-IV3G66P with PID 1948 (C:\Users\ptiqu\Desktop\WorkSpace\P5\safetyAlerts\target\classes started by ptiqu in C:\Users\ptiqu\Desktop\WorkSpace\P5\safetyAlerts)
2021-03-03 17:27:05,737 INFO c.s.s.SafetyAlertsApplication [main] No active profile set, falling back to default profiles: default
2021-03-03 17:27:07,620 INFO c.s.s.s.MapperService [main] Lancement du Mapper, rapatriement des donnees du Json en cour
2021-03-03 17:27:07,686 INFO c.s.s.s.MapperService [main] Traitement du Mapper terminé, données rapatriées!
2021-03-03 17:27:08,102 INFO c.s.s.SafetyAlertsApplication [main] Started SafetyAlertsApplication in 2.631 seconds (JVM running for 3.534)
2021-03-03 17:27:11,239 INFO c.s.s.s.FirestationService [http-nio-8080-exec-1] Vérification id avant traitement id: 3
2021-03-03 17:27:11,239 INFO c.s.s.d.FirestationDaoImpl [http-nio-8080-exec-1] -->Lancement de la recherche!
2021-03-03 17:27:11,239 INFO c.s.s.d.FirestationDaoImpl [http-nio-8080-exec-1] --> Ajout d'un résultat à la  liste!
2021-03-03 17:27:11,240 INFO c.s.s.d.FirestationDaoImpl [http-nio-8080-exec-1] --> Ajout d'un résultat à la  liste!
2021-03-03 17:27:11,240 INFO c.s.s.d.FirestationDaoImpl [http-nio-8080-exec-1] --> Ajout d'un résultat à la  liste!
2021-03-03 17:27:11,240 INFO c.s.s.d.FirestationDaoImpl [http-nio-8080-exec-1] --> Ajout d'un résultat à la  liste!
2021-03-03 17:27:11,240 INFO c.s.s.d.FirestationDaoImpl [http-nio-8080-exec-1] --> Ajout d'un résultat à la  liste!
2021-03-03 17:27:11,240 INFO c.s.s.d.FirestationDaoImpl [http-nio-8080-exec-1] --->Liste des FireStations pour l'id 3: [
 { "station":"3", 
 "address":"1509 Culver St"} 
, 
 { "station":"3", 
 "address":"834 Binoc Ave"} 
, 
 { "station":"3", 
 "address":"748 Townings Dr"} 
, 
 { "station":"3", 
 "address":"112 Steppes Pl"} 
, 
 { "station":"3", 
 "address":"748 Townings Dr"} 
]
2021-03-03 17:28:19,255 INFO c.s.s.SafetyAlertsApplication [main] Starting SafetyAlertsApplication using Java 15.0.1 on DESKTOP-IV3G66P with PID 17680 (C:\Users\ptiqu\Desktop\WorkSpace\P5\safetyAlerts\target\classes started by ptiqu in C:\Users\ptiqu\Desktop\WorkSpace\P5\safetyAlerts)
2021-03-03 17:28:19,261 INFO c.s.s.SafetyAlertsApplication [main] No active profile set, falling back to default profiles: default
2021-03-03 17:28:21,103 INFO c.s.s.s.MapperService [main] Lancement du Mapper, rapatriement des donnees du Json en cour
2021-03-03 17:28:21,163 INFO c.s.s.s.MapperService [main] Traitement du Mapper terminé, données rapatriées!
2021-03-03 17:28:21,560 INFO c.s.s.SafetyAlertsApplication [main] Started SafetyAlertsApplication in 2.558 seconds (JVM running for 3.423)
2021-03-03 17:28:39,750 INFO c.s.s.s.FirestationService [http-nio-8080-exec-2] Vérification id avant traitement id: 3
2021-03-03 17:28:39,751 INFO c.s.s.d.FirestationDaoImpl [http-nio-8080-exec-2] -->Lancement de la recherche!
2021-03-03 17:28:39,751 INFO c.s.s.d.FirestationDaoImpl [http-nio-8080-exec-2] --> Ajout d'un résultat à la  liste!
2021-03-03 17:28:39,751 INFO c.s.s.d.FirestationDaoImpl [http-nio-8080-exec-2] --> Ajout d'un résultat à la  liste!
2021-03-03 17:28:39,751 INFO c.s.s.d.FirestationDaoImpl [http-nio-8080-exec-2] --> Ajout d'un résultat à la  liste!
2021-03-03 17:28:39,751 INFO c.s.s.d.FirestationDaoImpl [http-nio-8080-exec-2] --> Ajout d'un résultat à la  liste!
2021-03-03 17:28:39,751 INFO c.s.s.d.FirestationDaoImpl [http-nio-8080-exec-2] --> Ajout d'un résultat à la  liste!
2021-03-03 17:28:39,751 INFO c.s.s.d.FirestationDaoImpl [http-nio-8080-exec-2] --->Liste des FireStations pour l'id 3: [
 { "station":"3", 
 "address":"1509 Culver St"} 
, 
 { "station":"3", 
 "address":"834 Binoc Ave"} 
, 
 { "station":"3", 
 "address":"748 Townings Dr"} 
, 
 { "station":"3", 
 "address":"112 Steppes Pl"} 
, 
 { "station":"3", 
 "address":"748 Townings Dr"} 
]
2021-03-03 17:29:43,584 INFO c.s.s.SafetyAlertsApplication [main] Starting SafetyAlertsApplication using Java 15.0.1 on DESKTOP-IV3G66P with PID 24796 (C:\Users\ptiqu\Desktop\WorkSpace\P5\safetyAlerts\target\classes started by ptiqu in C:\Users\ptiqu\Desktop\WorkSpace\P5\safetyAlerts)
2021-03-03 17:29:43,591 INFO c.s.s.SafetyAlertsApplication [main] No active profile set, falling back to default profiles: default
2021-03-03 17:29:45,548 INFO c.s.s.s.MapperService [main] Lancement du Mapper, rapatriement des donnees du Json en cour
2021-03-03 17:29:45,613 INFO c.s.s.s.MapperService [main] Traitement du Mapper terminé, données rapatriées!
2021-03-03 17:29:46,019 INFO c.s.s.SafetyAlertsApplication [main] Started SafetyAlertsApplication in 2.706 seconds (JVM running for 3.59)
2021-03-03 17:29:50,630 INFO c.s.s.s.FirestationService [http-nio-8080-exec-1] Vérification id avant traitement id: 3
2021-03-03 17:29:50,631 INFO c.s.s.d.FirestationDaoImpl [http-nio-8080-exec-1] -->Lancement de la recherche!
2021-03-03 17:29:50,631 INFO c.s.s.d.FirestationDaoImpl [http-nio-8080-exec-1] --> Ajout d'un résultat à la  liste!
2021-03-03 17:29:50,631 INFO c.s.s.d.FirestationDaoImpl [http-nio-8080-exec-1] --> Ajout d'un résultat à la  liste!
2021-03-03 17:29:50,631 INFO c.s.s.d.FirestationDaoImpl [http-nio-8080-exec-1] --> Ajout d'un résultat à la  liste!
2021-03-03 17:29:50,631 INFO c.s.s.d.FirestationDaoImpl [http-nio-8080-exec-1] --> Ajout d'un résultat à la  liste!
2021-03-03 17:29:50,631 INFO c.s.s.d.FirestationDaoImpl [http-nio-8080-exec-1] --> Ajout d'un résultat à la  liste!
2021-03-03 17:29:50,632 INFO c.s.s.d.FirestationDaoImpl [http-nio-8080-exec-1] --->Liste des FireStations pour l'id 3: [
 { "station":"3", 
 "address":"1509 Culver St"} 
, 
 { "station":"3", 
 "address":"834 Binoc Ave"} 
, 
 { "station":"3", 
 "address":"748 Townings Dr"} 
, 
 { "station":"3", 
 "address":"112 Steppes Pl"} 
, 
 { "station":"3", 
 "address":"748 Townings Dr"} 
]
2021-03-03 17:30:43,568 INFO c.s.s.SafetyAlertsApplication [main] Starting SafetyAlertsApplication using Java 15.0.1 on DESKTOP-IV3G66P with PID 2112 (C:\Users\ptiqu\Desktop\WorkSpace\P5\safetyAlerts\target\classes started by ptiqu in C:\Users\ptiqu\Desktop\WorkSpace\P5\safetyAlerts)
2021-03-03 17:30:43,575 INFO c.s.s.SafetyAlertsApplication [main] No active profile set, falling back to default profiles: default
2021-03-03 17:30:45,433 INFO c.s.s.s.MapperService [main] Lancement du Mapper, rapatriement des donnees du Json en cour
2021-03-03 17:30:45,493 INFO c.s.s.s.MapperService [main] Traitement du Mapper terminé, données rapatriées!
2021-03-03 17:30:45,919 INFO c.s.s.SafetyAlertsApplication [main] Started SafetyAlertsApplication in 2.606 seconds (JVM running for 3.472)
2021-03-03 17:30:53,447 INFO c.s.s.SafetyAlertsApplication [main] Starting SafetyAlertsApplication using Java 15.0.1 on DESKTOP-IV3G66P with PID 16236 (C:\Users\ptiqu\Desktop\WorkSpace\P5\safetyAlerts\target\classes started by ptiqu in C:\Users\ptiqu\Desktop\WorkSpace\P5\safetyAlerts)
2021-03-03 17:30:53,453 INFO c.s.s.SafetyAlertsApplication [main] No active profile set, falling back to default profiles: default
2021-03-03 17:30:55,318 INFO c.s.s.s.MapperService [main] Lancement du Mapper, rapatriement des donnees du Json en cour
2021-03-03 17:30:55,377 INFO c.s.s.s.MapperService [main] Traitement du Mapper terminé, données rapatriées!
2021-03-03 17:30:59,892 INFO c.s.s.s.FirestationService [http-nio-8080-exec-1] Vérification id avant traitement id: 3
2021-03-03 17:30:59,892 INFO c.s.s.d.FirestationDaoImpl [http-nio-8080-exec-1] -->Lancement de la recherche!
2021-03-03 17:30:59,893 INFO c.s.s.d.FirestationDaoImpl [http-nio-8080-exec-1] --> Ajout d'un résultat à la  liste!
2021-03-03 17:30:59,893 INFO c.s.s.d.FirestationDaoImpl [http-nio-8080-exec-1] --> Ajout d'un résultat à la  liste!
2021-03-03 17:30:59,893 INFO c.s.s.d.FirestationDaoImpl [http-nio-8080-exec-1] --> Ajout d'un résultat à la  liste!
2021-03-03 17:30:59,893 INFO c.s.s.d.FirestationDaoImpl [http-nio-8080-exec-1] --> Ajout d'un résultat à la  liste!
2021-03-03 17:30:59,893 INFO c.s.s.d.FirestationDaoImpl [http-nio-8080-exec-1] --> Ajout d'un résultat à la  liste!
2021-03-03 17:30:59,893 INFO c.s.s.d.FirestationDaoImpl [http-nio-8080-exec-1] --->Liste des FireStations pour l'id 3: [
 { "station":"3", 
 "address":"1509 Culver St"} 
, 
 { "station":"3", 
 "address":"834 Binoc Ave"} 
, 
 { "station":"3", 
 "address":"748 Townings Dr"} 
, 
 { "station":"3", 
 "address":"112 Steppes Pl"} 
, 
 { "station":"3", 
 "address":"748 Townings Dr"} 
]
2021-03-03 17:31:11,795 INFO c.s.s.SafetyAlertsApplication [main] Starting SafetyAlertsApplication using Java 15.0.1 on DESKTOP-IV3G66P with PID 1020 (C:\Users\ptiqu\Desktop\WorkSpace\P5\safetyAlerts\target\classes started by ptiqu in C:\Users\ptiqu\Desktop\WorkSpace\P5\safetyAlerts)
2021-03-03 17:31:11,802 INFO c.s.s.SafetyAlertsApplication [main] No active profile set, falling back to default profiles: default
2021-03-03 17:31:13,646 INFO c.s.s.s.MapperService [main] Lancement du Mapper, rapatriement des donnees du Json en cour
2021-03-03 17:31:13,704 INFO c.s.s.s.MapperService [main] Traitement du Mapper terminé, données rapatriées!
2021-03-03 17:31:14,093 INFO c.s.s.SafetyAlertsApplication [main] Started SafetyAlertsApplication in 2.556 seconds (JVM running for 3.433)
2021-03-03 17:31:17,667 INFO c.s.s.s.FirestationService [http-nio-8080-exec-1] Vérification id avant traitement id: 3
2021-03-03 17:31:17,667 INFO c.s.s.d.FirestationDaoImpl [http-nio-8080-exec-1] -->Lancement de la recherche!
2021-03-03 17:31:17,667 INFO c.s.s.d.FirestationDaoImpl [http-nio-8080-exec-1] --> Ajout d'un résultat à la  liste!
2021-03-03 17:31:17,668 INFO c.s.s.d.FirestationDaoImpl [http-nio-8080-exec-1] --> Ajout d'un résultat à la  liste!
2021-03-03 17:31:17,668 INFO c.s.s.d.FirestationDaoImpl [http-nio-8080-exec-1] --> Ajout d'un résultat à la  liste!
2021-03-03 17:31:17,668 INFO c.s.s.d.FirestationDaoImpl [http-nio-8080-exec-1] --> Ajout d'un résultat à la  liste!
2021-03-03 17:31:17,668 INFO c.s.s.d.FirestationDaoImpl [http-nio-8080-exec-1] --> Ajout d'un résultat à la  liste!
2021-03-03 17:31:17,668 INFO c.s.s.d.FirestationDaoImpl [http-nio-8080-exec-1] --->Liste des FireStations pour l'id 3: [
 { "station":"3", 
 "address":"1509 Culver St"} 
, 
 { "station":"3", 
 "address":"834 Binoc Ave"} 
, 
 { "station":"3", 
 "address":"748 Townings Dr"} 
, 
 { "station":"3", 
 "address":"112 Steppes Pl"} 
, 
 { "station":"3", 
 "address":"748 Townings Dr"} 
]
2021-03-03 17:32:27,529 INFO c.s.s.s.FirestationService [http-nio-8080-exec-5] Vérification id avant traitement id: 3
2021-03-03 17:32:27,529 INFO c.s.s.d.FirestationDaoImpl [http-nio-8080-exec-5] -->Lancement de la recherche!
2021-03-03 17:32:27,529 INFO c.s.s.d.FirestationDaoImpl [http-nio-8080-exec-5] --> Ajout d'un résultat à la  liste!
2021-03-03 17:32:27,529 INFO c.s.s.d.FirestationDaoImpl [http-nio-8080-exec-5] --> Ajout d'un résultat à la  liste!
2021-03-03 17:32:27,529 INFO c.s.s.d.FirestationDaoImpl [http-nio-8080-exec-5] --> Ajout d'un résultat à la  liste!
2021-03-03 17:32:27,530 INFO c.s.s.d.FirestationDaoImpl [http-nio-8080-exec-5] --> Ajout d'un résultat à la  liste!
2021-03-03 17:32:27,530 INFO c.s.s.d.FirestationDaoImpl [http-nio-8080-exec-5] --> Ajout d'un résultat à la  liste!
2021-03-03 17:32:27,530 INFO c.s.s.d.FirestationDaoImpl [http-nio-8080-exec-5] --->Liste des FireStations pour l'id 3: [
 { "station":"3", 
 "address":"1509 Culver St"} 
, 
 { "station":"3", 
 "address":"834 Binoc Ave"} 
, 
 { "station":"3", 
 "address":"748 Townings Dr"} 
, 
 { "station":"3", 
 "address":"112 Steppes Pl"} 
, 
 { "station":"3", 
 "address":"748 Townings Dr"} 
]
2021-03-03 17:35:52,674 INFO c.s.s.SafetyAlertsApplication [main] Starting SafetyAlertsApplication using Java 15.0.1 on DESKTOP-IV3G66P with PID 2008 (C:\Users\ptiqu\Desktop\WorkSpace\P5\safetyAlerts\target\classes started by ptiqu in C:\Users\ptiqu\Desktop\WorkSpace\P5\safetyAlerts)
2021-03-03 17:35:52,682 INFO c.s.s.SafetyAlertsApplication [main] No active profile set, falling back to default profiles: default
2021-03-03 17:35:54,597 INFO c.s.s.s.MapperService [main] Lancement du Mapper, rapatriement des donnees du Json en cour
2021-03-03 17:35:54,658 INFO c.s.s.s.MapperService [main] Traitement du Mapper terminé, données rapatriées!
2021-03-03 17:35:55,061 INFO c.s.s.SafetyAlertsApplication [main] Started SafetyAlertsApplication in 2.645 seconds (JVM running for 3.556)
2021-03-03 17:36:08,856 INFO c.s.s.s.FirestationService [http-nio-8080-exec-2] Vérification id avant traitement id: 3
2021-03-03 17:36:08,856 INFO c.s.s.d.FirestationDaoImpl [http-nio-8080-exec-2] -->Lancement de la recherche!
2021-03-03 17:36:08,857 INFO c.s.s.d.FirestationDaoImpl [http-nio-8080-exec-2] --> Ajout d'un résultat à la  liste!
2021-03-03 17:36:08,857 INFO c.s.s.d.FirestationDaoImpl [http-nio-8080-exec-2] --> Ajout d'un résultat à la  liste!
2021-03-03 17:36:08,857 INFO c.s.s.d.FirestationDaoImpl [http-nio-8080-exec-2] --> Ajout d'un résultat à la  liste!
2021-03-03 17:36:08,857 INFO c.s.s.d.FirestationDaoImpl [http-nio-8080-exec-2] --> Ajout d'un résultat à la  liste!
2021-03-03 17:36:08,857 INFO c.s.s.d.FirestationDaoImpl [http-nio-8080-exec-2] --> Ajout d'un résultat à la  liste!
2021-03-03 17:36:08,857 INFO c.s.s.d.FirestationDaoImpl [http-nio-8080-exec-2] --->Liste des FireStations pour l'id 3: [
 { "station":"3", 
 "address":"1509 Culver St"} 
, 
 { "station":"3", 
 "address":"834 Binoc Ave"} 
, 
 { "station":"3", 
 "address":"748 Townings Dr"} 
, 
 { "station":"3", 
 "address":"112 Steppes Pl"} 
, 
 { "station":"3", 
 "address":"748 Townings Dr"} 
]
2021-03-03 17:36:57,896 INFO c.s.s.SafetyAlertsApplication [main] Starting SafetyAlertsApplication using Java 15.0.1 on DESKTOP-IV3G66P with PID 24820 (C:\Users\ptiqu\Desktop\WorkSpace\P5\safetyAlerts\target\classes started by ptiqu in C:\Users\ptiqu\Desktop\WorkSpace\P5\safetyAlerts)
2021-03-03 17:36:57,904 INFO c.s.s.SafetyAlertsApplication [main] No active profile set, falling back to default profiles: default
2021-03-03 17:36:59,773 INFO c.s.s.s.MapperService [main] Lancement du Mapper, rapatriement des donnees du Json en cour
2021-03-03 17:36:59,834 INFO c.s.s.s.MapperService [main] Traitement du Mapper terminé, données rapatriées!
2021-03-03 17:37:00,225 INFO c.s.s.SafetyAlertsApplication [main] Started SafetyAlertsApplication in 2.591 seconds (JVM running for 3.463)
2021-03-03 17:37:46,655 INFO c.s.s.SafetyAlertsApplication [main] Starting SafetyAlertsApplication using Java 15.0.1 on DESKTOP-IV3G66P with PID 13332 (C:\Users\ptiqu\Desktop\WorkSpace\P5\safetyAlerts\target\classes started by ptiqu in C:\Users\ptiqu\Desktop\WorkSpace\P5\safetyAlerts)
2021-03-03 17:37:46,661 INFO c.s.s.SafetyAlertsApplication [main] No active profile set, falling back to default profiles: default
2021-03-03 17:37:48,524 INFO c.s.s.s.MapperService [main] Lancement du Mapper, rapatriement des donnees du Json en cour
2021-03-03 17:37:48,583 INFO c.s.s.s.MapperService [main] Traitement du Mapper terminé, données rapatriées!
2021-03-03 17:37:48,995 INFO c.s.s.SafetyAlertsApplication [main] Started SafetyAlertsApplication in 2.603 seconds (JVM running for 3.488)
